{
  "task_name": "beat_block_hammer",
  "task_description": "Pick up the hammer and use it to beat the block on the table once. The hammer is placed at a fixed position on the table,                         but the block is generated randomly on the table. If the block's x coordinate (dim 0) is greater than 0, use the right arm to grasp the hammer,                         else use the left arm. To beat the block, you should place the hammer on the block's functional point                         (i.e., use the place_actor API to align the hammer's contact point with the block's functional point).                         Note: You don't need to Lift the hammer after beating the block, and you don't need to open the gripper or return the arm to origin position.\nFailed to generate code, error message: The target position of the object is incorrect., error count: 8\nThe error may be caused by: \n1. pre_dis_axis is not set correctly in the place_actor function; \n2. the functional point is not set correctly in the place_actor function; \n3. The pre_dis or dis is not set correctly in the place_actor function;\n4. The constrain is not set correctly in the place_actor function, free or align is not constantly fixed, if the code did not have above error, please try to set the constrain to another value.\n5. The code didn't take into account the note given in the example function.\nThe task can be accomplished only through the existing API and example function, please do not use any other API that is not listed in the available API list and examples.\n",
  "best_success_rate": 0.2,
  "success_rates": [
    0,
    0,
    0,
    0.0,
    0.1,
    0.0,
    0.2,
    0.1,
    0.2,
    0.0
  ],
  "best_code": "\nfrom envs._base_task import Base_Task\nfrom envs.beat_block_hammer import beat_block_hammer\nfrom envs.utils import *\nimport sapien\n\nclass gpt_beat_block_hammer(beat_block_hammer):\n    def play_once(self):\n        # Determine which arm to use based on block's x-coordinate\n        block_pose = self.block.get_pose()\n        block_x = block_pose.p[0]\n        arm_tag = ArmTag(\"right\" if block_x > 0 else \"left\")\n        \n        # Grasp the hammer\n        self.move(\n            self.grasp_actor(\n                actor=self.hammer,\n                arm_tag=arm_tag,\n                pre_grasp_dis=0.1,\n                grasp_dis=0\n            )\n        )\n        \n        # Place the hammer on the block's top functional point\n        target_pose = self.block.get_functional_point(point_id=1, return_type=\"pose\")\n        self.move(\n            self.place_actor(\n                actor=self.hammer,\n                arm_tag=arm_tag,\n                target_pose=target_pose,\n                functional_point_id=0,\n                pre_dis=0,\n                dis=0,\n                pre_dis_axis='fp',\n                constrain='align'\n            )\n        )\n\nBut need to ensure that the grasp_actor is correctly called. Also, after grasping, maybe a move is needed to position the arm correctly before placing. However, the place_actor should handle the positioning.\n\nWait, the hammer is on the table. The robot's arm might already be near it, but the grasp_actor should handle moving the arm to grasp the hammer. Then, placing it on the block's top.\n\nThe key points are:\n\n- Correctly determining the arm based on block's x-coordinate.\n- Properly retrieving the block's functional point (id 1) as a pose.\n- Using place_actor with the correct parameters to align the hammer's functional point with the block's.\n\nThis should resolve the syntax errors and the incorrect target position error. [unused17] To resolve the errors and complete the task, we need to ensure the robot correctly grasps the hammer with the appropriate arm and places it on the block's functional point. Here's the corrected code:\n\n```python\nclass beat_block_hammer:\n    def play_once(self):\n        # Determine which arm to use based on the block's x-coordinate\n        block_pose = self.block.get_pose()\n        if block_pose.p[0] > 0:\n            arm_tag = ArmTag(\"right\")\n        else:\n            arm_tag = ArmTag(\"left\")\n        \n        # Grasp the hammer using the selected arm\n        self.move(\n            self.grasp_actor(\n                actor=self.hammer,\n                arm_tag=arm_tag,\n                pre_grasp_dis=0.1,\n                grasp_dis=0\n            )\n        )\n        \n        # Place the hammer on the block's top functional point (id=1)\n        target_pose = self.block.get_functional_point(point_id=1, return_type=\"pose\")\n        self.move(\n            self.place_actor(\n                actor=self.hammer,\n                arm_tag=arm_tag,\n                target_pose=target_pose,\n                functional_point_id=0,  # Hammer's contact point (head)\n                pre_dis=0,\n                dis=0,\n                pre_dis_axis=\"fp\",\n                constrain=\"align\"  # Ensure full axis alignment\n            )\n        )\n",
  "best_run_records": [
    "Plan execution failed",
    "The target position of the object is incorrect.",
    "success!",
    "The target position of the object is incorrect.",
    "Plan execution failed",
    "The target position of the object is incorrect.",
    "The target position of the object is incorrect.",
    "success!",
    "The target position of the object is incorrect.",
    "Plan execution failed"
  ],
  "all_attempts": [
    {
      "attempt_id": 1,
      "success_rate": 0,
      "error_message": "Error occurred during testing: unterminated string literal (detected at line 45) (gpt_beat_block_hammer.py, line 45)",
      "error_count": 20,
      "code": "\nfrom envs._base_task import Base_Task\nfrom envs.beat_block_hammer import beat_block_hammer\nfrom envs.utils import *\nimport sapien\n\nclass gpt_beat_block_hammer(beat_block_hammer):\n    def play_once(self):\n        # Get block's position to decide arm\n        block = self.block\n        block_pose = block.get_functional_point(0, 'pose')\n        block_x = block_pose.p[0]\n        arm_tag = ArmTag(\"right\") if block_x > 0 else ArmTag(\"left\")\n        \n        # Grasp the hammer\n        grasp = self.grasp_actor(hammer=self.hammer, arm_tag=arm_tag)\n        \n        # Get block's functional point 1 (top) pose\n        block_fp1 = block.get_functional_point(1, 'pose')\n        target_pose = block_fp1.p + block_fp1.q  # Combine p and q into a 7D list\n        \n        # Place the hammer's functional point 0 onto block's FP1\n        place = self.place_actor(\n            actor=self.hammer,\n            arm_tag=arm_tag,\n            target_pose=target_pose,\n            functional_point_id=0,\n            pre_dis=0.1,\n            dis=0.02,\n            pre_dis_axis='fp'\n        )\n        \n        # Execute both actions\n        self.move(grasp, place)\n\nWait, but the grasp_actor and place_actor return tuples. So when passing to move, you need to unpack them. For example:\n\nself.move(\n    *self.grasp_actor(...),\n    *self.place_actor(...)\n)\n\nBecause each function returns (arm_tag, [actions]). So when you unpack them, you get the arm_tag and the actions. Then, move can process them.\n\nWait, the move function's parameters are actions_by_arm1 and actions_by_arm2. Each of these can be a tuple (arm_tag, list_of_actions). So for example, if you have two actions (grasp and place), each for the same arm, you would pass:\n\nself.move(\n    (arm_tag_grasp, [actions_grasp]),\n    (arm_tag_place, [actions_place])\n)\n\nBut in the code example, when using two arms, they pass:\n\nself.move(\n    self.grasp_actor(actor=self.left_actor, arm_tag=left_arm_tag),\n    self.grasp_actor(actor=self.right_actor, arm_tag=right_arm_tag)\n)\n\nSo each call to grasp_actor returns (arm_tag, actions), and those are passed directly to move. So the move function expects each argument to be a tuple (arm_tag, actions). Therefore, in the code, after calling grasp_actor and place_actor, which each return (arm_tag, actions), we need to pass those tuples to move.\n\nSo the code should be:\n\nself.move(\n    self.grasp_actor(hammer, arm_tag),\n    self.place_actor(...)\n)\n\nBecause each of these functions returns (arm_tag, actions), which are the arguments expected by move.\n\nSo the complete code would be:\n\nclass gpt_beat_block_hammer(beat_block_hammer):\n    def play_once(self):\n        # Determine which arm to use based on block's x-coordinate\n        block = self.block\n        block_pose = block.get_functional_point(0, 'pose')\n        block_x = block_pose.p[0]\n        arm_tag = ArmTag(\"right\") if block_x > 0 else ArmTag(\"left\")\n        \n        # Grasp the hammer with the selected arm\n        grasp_action = self.grasp_actor(\n            actor=self.hammer,\n            arm_tag=arm_tag,\n            pre_grasp_dis=0.1,\n            grasp_dis=0\n        )\n        \n        # Get the block's functional point 1 (top) pose\n        block_fp1 = block.get_functional_point(1, 'pose')\n        target_pose = block_fp1.p + block_fp1.q  # Combine p and q into a 7D list\n        \n        # Place the hammer's functional point 0 onto the block's FP1\n        place_action = self.place_actor(\n            actor=self.hammer,\n            arm_tag=arm_tag,\n            target_pose=target_pose,\n            functional_point_id=0,\n            pre_dis=0.1,\n            dis=0.02,\n            pre_dis_axis='fp'\n        )\n        \n        # Execute both actions\n        self.move(grasp_action, place_action)\n\nWait, but the parameters for grasp_actor and place_actor may have default values. For example, pre_grasp_dis defaults to 0.1, grasp_dis defaults to 0. So in the code, we can omit those parameters if they have defaults. But including them explicitly may be better for clarity.\n\nBut according to the API description for grasp_actor:\n\ndef grasp_actor(self, actor: Actor, arm_tag: ArmTag, pre_grasp_dis=0.1, grasp_dis=0, gripper_pos=0., contact_point_id=None) -> tuple[ArmTag, list[Action]].\n\nSo the parameters are:\n\nactor, arm_tag, pre_grasp_dis (default 0.1), grasp_dis (default 0), gripper_pos (default 0), contact_point_id (optional).\n\nSo in the code, when calling grasp_actor, we can specify actor=self.hammer, arm_tag=arm_tag, and the other parameters can use defaults. So the code can be written as:\n\ngrasp_action = self.grasp_actor(actor=self.hammer, arm_tag=arm_tag)\n\nSimilarly for place_actor:\n\nplace_action = self.place_actor(\n    actor=self.hammer,\n    arm_tag=arm_tag,\n    target_pose=target_pose,\n    functional_point_id=0,\n    pre_dis=0.1,\n    dis=0.02,\n    pre_dis_axis='fp'\n)\n\nBut the pre_dis and dis have defaults (0.1 and 0.02), but in the code example, they are specified. So including them is correct.\n\nNow, checking if the functional_point_id is necessary. For the hammer's functional point 0 (the contact point), when placing, we need to align that point with the block's functional point 1. The place_actor's functional_point_id is optional. If provided, it aligns that functional point of the actor to the target. So in this case, since the hammer's functional point 0 is the contact point, specifying functional_point_id=0 ensures that this point is aligned with the target.\n\nSo the code should include functional_point_id=0.\n\nPutting it all together, the code should look like this. [unused17] To solve this problem, we need to pick up a hammer using either the left or right arm based on the block's position and then place the hammer on the block's top functional point. Here's the step-by-step approach:\n\n1. **Determine the Arm to Use**: Check the block's x-coordinate from its bottom functional point (functional point 0). If the x-coordinate is greater than 0, use the right arm; otherwise, use the left arm.\n2. **Grasp the Hammer**: Use the selected arm to grasp the hammer at its functional point 0 (on the head).\n3. **Place the Hammer**: Position the hammer's functional point 0 (contact point) onto the block's top functional point (functional point 1) to beat the block.\n\n### Solution Code\n```python\nclass gpt_beat_block_hammer(beat_block_hammer):\n    def play_once(self):\n        # Determine which arm to use based on the block's x-coordinate\n        block = self.block\n        block_pose = block.get_functional_point(0, 'pose')\n        block_x = block_pose.p[0]\n        arm_tag = ArmTag(\"right\") if block_x > 0 else ArmTag(\"left\")\n        \n        # Grasp the hammer with the selected arm\n        grasp_action = self.grasp_actor(\n            actor=self.hammer,\n            arm_tag=arm_tag\n        )\n        \n        # Get the block's functional point 1 (top) pose\n        block_fp1 = block.get_functional_point(1, 'pose')\n        target_pose = block_fp1.p + block_fp1.q  # Combine position and orientation\n        \n        # Place the hammer's functional point 0 onto the block's functional point 1\n        place_action = self.place_actor(\n            actor=self.hammer,\n            arm_tag=arm_tag,\n            target_pose=target_pose,\n            functional_point_id=0,\n            pre_dis=0.1,\n            dis=0.02,\n            pre_dis_axis='fp'\n        )\n        \n        # Execute both actions\n        self.move(grasp_action, place_action)\n",
      "run_records": "fail"
    },
    {
      "attempt_id": 2,
      "success_rate": 0,
      "error_message": "Error occurred during testing: invalid syntax (gpt_beat_block_hammer.py, line 15)",
      "error_count": 20,
      "code": "\nfrom envs._base_task import Base_Task\nfrom envs.beat_block_hammer import beat_block_hammer\nfrom envs.utils import *\nimport sapien\n\nclass gpt_beat_block_hammer(beat_block_hammer):\n    def play_once(self):\n        # Determine which arm to use based on the block's x-coordinate\n        block_pose = self.block.get_functional_point(0, 'pose')  # Get block's bottom functional point\n        block_x = block_pose.p[0]  # Extract x-coordinate\n        arm_tag = ArmTag(\"right\") if block_x > 0 else ArmTag(\"left\")\n        \n        # Grasp the hammer using the determined arm\n        hammer functional_point = self.hammer.get_functional_point(0, 'pose')\n        self.move(\n            self.grasp_actor(\n                actor=self.hammer,\n                arm_tag=arm_tag,\n                pre_grasp_dis=0.1,\n                grasp_dis=0,\n                contact_point_id=[0]  # Use hammer's functional point for grasping\n            )\n        )\n        \n        # Place the hammer onto the block's bottom functional point\n        block_target_pose = self.block.get_functional_point(0, 'pose')  # Target pose is the block's bottom\n        self.move(\n            self.place_actor(\n                actor=self.hammer,\n                arm_tag=arm_tag,\n                target_pose=block_target_pose,  # Target pose from block's functional point\n                functional_point_id=0,  # Align hammer's functional point 0 with target\n                pre_dis=0.1,\n                dis=0.02,\n                pre_dis_axis='fp',  # Use functional point direction for pre-displacement\n                constrain='free'  # Allow free movement without full alignment\n            )\n        )\n",
      "run_records": "fail"
    },
    {
      "attempt_id": 3,
      "success_rate": 0,
      "error_message": "Error occurred during testing: expected an indented block after function definition on line 8 (gpt_beat_block_hammer.py, line 10)",
      "error_count": 20,
      "code": "\nfrom envs._base_task import Base_Task\nfrom envs.beat_block_hammer import beat_block_hammer\nfrom envs.utils import *\nimport sapien\n\nclass gpt_beat_block_hammer(beat_block_hammer):\n    def play_once(self):\n    # Get block's pose to check x-coordinate\n    block_pose = self.block.get_pose()\n    block_x = block_pose.p[0]  # x-coordinate of the block's position\n\n    # Select arm based on block's x\n    arm_tag = ArmTag(\"right\") if block_x > 0 else ArmTag(\"left\")\n\n    # Grasp the hammer with the selected arm\n    self.move(\n        self.grasp_actor(\n            actor=self.hammer,\n            arm_tag=arm_tag,\n            pre_grasp_dis=0.1,\n            grasp_dis=0\n        )\n    )\n\n    # Get the block's functional point pose (using bottom or top)\n    # Since the block is on the table, the bottom is id 0, top is id 1\n    # The task says to beat the block, so probably place the hammer's head on the top functional point (id 1)\n    block_functional_point = self.block.get_functional_point(1, \"pose\")\n\n    # Place the hammer's functional point 0 on the block's functional point\n    self.move(\n        self.place_actor(\n            actor=self.hammer,\n            arm_tag=arm_tag,\n            target_pose=block_functional_point,\n            functional_point_id=0,\n            pre_dis=0.1,\n            dis=0,\n            is_open=False,\n            constrain=\"free\",\n            pre_dis_axis=\"fp\"\n        )\n    )\n\nBut wait, the block's functional point for the top is id 1. So we need to use that. The code retrieves block_functional_point as id 1. Then, place_actor aligns the hammer's functional point 0 to this target_pose.\n\nThis should correctly position the hammer's head on the block's top functional point. The pre_dis and dis are set to 0 to prevent moving the arm after placing. is_open is False to keep the gripper closed.\n\nThis should avoid the errors mentioned. The syntax errors might have been due to missing colons or incorrect method calls. For example, in the original code, maybe the line where the block's functional point is retrieved didn't have the correct parameters. Also, ensuring that all method calls are properly indented and that the ArmTag is correctly initialized.\n\nAnother possible mistake is not using the correct return_type when getting the functional point. Using \"pose\" ensures that the target_pose is a Pose object, which is required for place_actor.\n\nAdditionally, the pre_dis_axis set to \"fp\" (functional point) might help in aligning the pre-place displacement direction correctly relative to the functional point.\n\nThis code should handle the conditions correctly, select the appropriate arm, grasp the hammer, and place it on the block's functional point without unnecessary movements. [unused17] To address the errors and fulfill the task requirements, here's the corrected code:\n\n```python\nclass gpt_beat_block_hammer(beat_block_hammer):\n    def play_once(self):\n        # Get block's position to determine arm\n        block_pose = self.block.get_pose()\n        use_right_arm = block_pose.p[0] > 0  # Check block's x-coordinate\n        \n        # Select arm based on block's position\n        arm_tag = ArmTag(\"right\") if use_right_arm else ArmTag(\"left\")\n        \n        # Grasp the hammer using selected arm\n        self.move(\n            self.grasp_actor(\n                actor=self.hammer,\n                arm_tag=arm_tag,\n                pre_grasp_dis=0.1,\n                grasp_dis=0\n            )\n        )\n        \n        # Get block's top functional point pose\n        block functional_point = self.block.get_functional_point(\n            point_id=1,\n            return_type=\"pose\"\n        )\n        \n        # Place hammer's contact point on block's top\n        self.move(\n            self.place_actor(\n                actor=self.hammer,\n                arm_tag=arm_tag,\n                target_pose=block_functional_point,\n                functional_point_id=0,  # Hammer's head functional point\n                pre_dis=0.1,\n                dis=0,\n                is_open=False,  # Keep gripper closed after placement\n                constrain=\"free\",  # Allow automatic axis alignment\n                pre_dis_axis=\"fp\"  # Use functional point direction\n            )\n        )\n",
      "run_records": "fail"
    },
    {
      "attempt_id": 4,
      "success_rate": 0.0,
      "error_message": "The target position of the object is incorrect.",
      "error_count": 7,
      "code": "\nfrom envs._base_task import Base_Task\nfrom envs.beat_block_hammer import beat_block_hammer\nfrom envs.utils import *\nimport sapien\n\nclass gpt_beat_block_hammer(beat_block_hammer):\n    def play_once(self):\n        # Get block's position to determine which arm to use\n        block_pose = self.block.get_pose()\n        block_x = block_pose.p[0]  # Get x-coordinate of block's position\n        \n        # Select arm based on block's x-coordinate\n        arm_tag = ArmTag(\"right\") if block_x > 0 else ArmTag(\"left\")\n        \n        # Grasp the hammer with selected arm\n        self.move(\n            self.grasp_actor(\n                actor=self.hammer,\n                arm_tag=arm_tag,\n                pre_grasp_dis=0.1,\n                grasp_dis=0\n            )\n        )\n        \n        # Get block's bottom functional point (id=0)\n        block_functional_point = self.block.get_functional_point(0, \"pose\")\n        \n        # Place hammer on block's functional point\n        self.move(\n            self.place_actor(\n                actor=self.hammer,\n                arm_tag=arm_tag,\n                target_pose=block_functional_point,  # Use block's functional point as target\n                functional_point_id=0,  # Use hammer's functional point id=0\n                pre_dis=0.1,\n                dis=0.02,\n                pre_dis_axis=\"fp\",\n                constrain=\"free\"  # Free placement alignment\n            )\n        )\n",
      "run_records": [
        "Plan execution failed",
        "The target position of the object is incorrect.",
        "The target position of the object is incorrect.",
        "The target position of the object is incorrect.",
        "Plan execution failed",
        "The target position of the object is incorrect.",
        "The target position of the object is incorrect.",
        "The target position of the object is incorrect.",
        "The target position of the object is incorrect.",
        "Plan execution failed"
      ]
    },
    {
      "attempt_id": 5,
      "success_rate": 0.1,
      "error_message": "The target position of the object is incorrect.",
      "error_count": 6,
      "code": "\nfrom envs._base_task import Base_Task\nfrom envs.beat_block_hammer import beat_block_hammer\nfrom envs.utils import *\nimport sapien\n\nclass gpt_beat_block_hammer(beat_block_hammer):\n    def play_once(self):\n        block = self.block\n        hammer = self.hammer\n        \n        # Determine arm\n        block_pose = block.get_pose()\n        block_x = block_pose.p[0]\n        arm_tag = ArmTag(\"right\") if block_x > 0 else ArmTag(\"left\")\n        \n        # Grasp hammer\n        self.move(\n            self.grasp_actor(\n                actor=hammer,\n                arm_tag=arm_tag,\n                pre_grasp_dis=0.1,\n                grasp_dis=0,\n                contact_point_id=0,  # Hammer's functional point 0 (head)\n                gripper_pos=0\n            )\n        )\n        \n        # Place hammer on block's functional point 0 (bottom)\n        target_pose = block.get_functional_point(0, 'pose')\n        self.move(\n            self.place_actor(\n                actor=hammer,\n                arm_tag=arm_tag,\n                target_pose=target_pose,\n                functional_point_id=0,  # Block's functional point 0\n                pre_dis=0.1,\n                dis=0,\n                is_open=False,\n                pre_dis_axis='fp'\n            )\n        )\n\nBut wait, the place_actor's pre_dis_axis: if functional_point_id is provided, then pre_dis_axis should be 'fp' to use the functional point's direction. Also, constrain might need to be set to 'align' to ensure the axes are aligned correctly. However, the example suggests that if the task requires specific alignment (like hitting the block), 'align' might be better. But the previous error might have been due to incorrect constrain settings.\n\nAnother thing: The hammer is on the table, so when grasping, the robot's arm needs to pick it up. The grasp_actor should handle that, but maybe the contact_point_id is not correctly set. Since the hammer's functional point 0 is on the head, using that as the contact point makes sense.\n\nTesting this code structure:\n\n1. Check block's x-coordinate to choose arm.\n2. Grasp hammer's functional point 0 (head) with the selected arm.\n3. Place the hammer's contact point (functional point 0) on the block's functional point 0 (bottom).\n\nThis should align the hammer's head with the block's bottom, hitting it.\n\nPossible issues:\n\n- Not closing the gripper after grasping. But the note says not to open the gripper, so is_open=False is correct.\n- Incorrect target_pose: must get the block's functional point 0 as a pose.\n- pre_dis_axis not set to 'fp' when using functional_point_id.\n- Forgetting to move the arm to grasp the hammer first.\n\nAlso, the code must ensure that the move() function is correctly structured with the grasp and place actions. Each call to move() can take multiple actions, but in this case, we need to sequence grasp followed by place. So, the code should first grasp, then place.\n\nAnother possible error is not using the correct parameters in place_actor. For example, if the functional_point_id is not set, it might default to the base, but we need to align the contact point (hammer's functional point 0) with the block's functional point 0. However, the place_actor's functional_point_id refers to the actor's functional point. Wait, the place_actor's functional_point_id is for the actor (hammer), not the target. Wait, the place_actor's functional_point_id is for the actor being placed. So, if we want to align the hammer's functional point 0 (contact point) with the block's functional point 0, then in place_actor, we need to set functional_point_id=0 for the hammer. But the target_pose is the block's functional point 0's pose. So, the code should:\n\ntarget_pose = block.get_functional_point(0, 'pose')\nself.place_actor(\n    actor=hammer,\n    arm_tag=arm_tag,\n    target_pose=target_pose,\n    functional_point_id=0,  # Align hammer's functional point 0 with the target_pose\n    pre_dis=0.1,\n    dis=0,\n    is_open=False,\n    pre_dis_axis='fp'\n)\n\nThis way, the hammer's functional point 0 is aligned with the target_pose (block's functional point 0). The pre_dis and pre_dis_axis ensure the arm moves in the direction of the functional point.\n\nAnother consideration: The target_pose's position and orientation. The block's functional point 0 (bottom) has a certain pose. The hammer's functional point 0 (head) needs to be placed at that pose. So, when placing, the hammer's head should be at the block's bottom pose. This would make the hammer hit the block.\n\nPutting this all together, the code should correctly sequence the grasp and place actions, use the correct functional points, and set the parameters appropriately. Also, ensuring proper indentation within the play_once method is crucial to avoid syntax errors. [unused17] To address the errors and successfully complete the task, here's the corrected code:\n\n```python\nclass gpt_beat_block_hammer(beat_block_hammer):\n    def play_once(self):\n        # Get block's position to determine arm\n        block = self.block\n        block_pose = block.get_pose()\n        block_x = block_pose.p[0]  # X-coordinate of the block\n        \n        # Select arm based on block's x-coordinate\n        arm_tag = ArmTag(\"right\") if block_x > 0 else ArmTag(\"left\")\n        \n        # Grasp the hammer using the selected arm\n        self.move(\n            self.grasp_actor(\n                actor=self.hammer,\n                arm_tag=arm_tag,\n                pre_grasp_dis=0.1,\n                grasp_dis=0,\n                contact_point_id=0,  # Use hammer's functional point (head)\n                gripper_pos=0\n            )\n        )\n        \n        # Place hammer on block's bottom functional point\n        target_pose = block.get_functional_point(0, \"pose\")  # Block's bottom pose\n        self.move(\n            self.place_actor(\n                actor=self.hammer,\n                arm_tag=arm_tag,\n                target_pose=target_pose,\n                functional_point_id=0,  # Align hammer's head with target\n                pre_dis=0.1,\n                dis=0,\n                is_open=False,  # Keep gripper closed after placing\n                pre_dis_axis=\"fp\",  # Use functional point direction\n                constrain=\"align\"  # Ensure full axis alignment\n            )\n        )\n",
      "run_records": [
        "Plan execution failed",
        "The target position of the object is incorrect.",
        "The target position of the object is incorrect.",
        "The target position of the object is incorrect.",
        "Plan execution failed",
        "The target position of the object is incorrect.",
        "The target position of the object is incorrect.",
        "success!",
        "The target position of the object is incorrect.",
        "Plan execution failed"
      ]
    },
    {
      "attempt_id": 6,
      "success_rate": 0.0,
      "error_message": "The target position of the object is incorrect.",
      "error_count": 7,
      "code": "\nfrom envs._base_task import Base_Task\nfrom envs.beat_block_hammer import beat_block_hammer\nfrom envs.utils import *\nimport sapien\n\nclass gpt_beat_block_hammer(beat_block_hammer):\n    def play_once(self):\n        # Get block's position to determine which arm to use\n        block_pose = self.block.get_pose()\n        block_x = block_pose.p[0]  # X-coordinate of the block\n        \n        # Select arm based on block's x position\n        arm_tag = ArmTag(\"right\" if block_x > 0 else \"left\")\n        \n        # Grasp the hammer with selected arm\n        self.move(\n            self.grasp_actor(\n                actor=self.hammer,\n                arm_tag=arm_tag,\n                pre_grasp_dis=0.1,\n                grasp_dis=0\n            )\n        )\n        \n        # Get the block's top functional point pose\n        target_pose = self.block.get_functional_point(1, \"pose\")\n        \n        # Place the hammer on the block's top functional point\n        self.move(\n            self.place_actor(\n                actor=self.hammer,\n                arm_tag=arm_tag,\n                target_pose=target_pose,\n                functional_point_id=1,  # Use top functional point\n                pre_dis=0.1,\n                dis=0.02,\n                pre_dis_axis=\"fp\",      # Use functional point direction\n                constrain=\"align\",       # Strict alignment\n                is_open=True            # Release the hammer\n            )\n        )\n",
      "run_records": [
        "Plan execution failed",
        "The target position of the object is incorrect.",
        "The target position of the object is incorrect.",
        "The target position of the object is incorrect.",
        "Plan execution failed",
        "The target position of the object is incorrect.",
        "The target position of the object is incorrect.",
        "The target position of the object is incorrect.",
        "The target position of the object is incorrect.",
        "Plan execution failed"
      ]
    },
    {
      "attempt_id": 7,
      "success_rate": 0.2,
      "error_message": "The target position of the object is incorrect.",
      "error_count": 5,
      "code": "\nfrom envs._base_task import Base_Task\nfrom envs.beat_block_hammer import beat_block_hammer\nfrom envs.utils import *\nimport sapien\n\nclass gpt_beat_block_hammer(beat_block_hammer):\n    def play_once(self):\n        # Determine which arm to use based on block's x-coordinate\n        block_pose = self.block.get_pose()\n        block_x = block_pose.p[0]\n        arm_tag = ArmTag(\"right\" if block_x > 0 else \"left\")\n        \n        # Grasp the hammer\n        self.move(\n            self.grasp_actor(\n                actor=self.hammer,\n                arm_tag=arm_tag,\n                pre_grasp_dis=0.1,\n                grasp_dis=0\n            )\n        )\n        \n        # Place the hammer on the block's top functional point\n        target_pose = self.block.get_functional_point(point_id=1, return_type=\"pose\")\n        self.move(\n            self.place_actor(\n                actor=self.hammer,\n                arm_tag=arm_tag,\n                target_pose=target_pose,\n                functional_point_id=0,\n                pre_dis=0,\n                dis=0,\n                pre_dis_axis='fp',\n                constrain='align'\n            )\n        )\n\nBut need to ensure that the grasp_actor is correctly called. Also, after grasping, maybe a move is needed to position the arm correctly before placing. However, the place_actor should handle the positioning.\n\nWait, the hammer is on the table. The robot's arm might already be near it, but the grasp_actor should handle moving the arm to grasp the hammer. Then, placing it on the block's top.\n\nThe key points are:\n\n- Correctly determining the arm based on block's x-coordinate.\n- Properly retrieving the block's functional point (id 1) as a pose.\n- Using place_actor with the correct parameters to align the hammer's functional point with the block's.\n\nThis should resolve the syntax errors and the incorrect target position error. [unused17] To resolve the errors and complete the task, we need to ensure the robot correctly grasps the hammer with the appropriate arm and places it on the block's functional point. Here's the corrected code:\n\n```python\nclass beat_block_hammer:\n    def play_once(self):\n        # Determine which arm to use based on the block's x-coordinate\n        block_pose = self.block.get_pose()\n        if block_pose.p[0] > 0:\n            arm_tag = ArmTag(\"right\")\n        else:\n            arm_tag = ArmTag(\"left\")\n        \n        # Grasp the hammer using the selected arm\n        self.move(\n            self.grasp_actor(\n                actor=self.hammer,\n                arm_tag=arm_tag,\n                pre_grasp_dis=0.1,\n                grasp_dis=0\n            )\n        )\n        \n        # Place the hammer on the block's top functional point (id=1)\n        target_pose = self.block.get_functional_point(point_id=1, return_type=\"pose\")\n        self.move(\n            self.place_actor(\n                actor=self.hammer,\n                arm_tag=arm_tag,\n                target_pose=target_pose,\n                functional_point_id=0,  # Hammer's contact point (head)\n                pre_dis=0,\n                dis=0,\n                pre_dis_axis=\"fp\",\n                constrain=\"align\"  # Ensure full axis alignment\n            )\n        )\n",
      "run_records": [
        "Plan execution failed",
        "The target position of the object is incorrect.",
        "success!",
        "The target position of the object is incorrect.",
        "Plan execution failed",
        "The target position of the object is incorrect.",
        "The target position of the object is incorrect.",
        "success!",
        "The target position of the object is incorrect.",
        "Plan execution failed"
      ]
    },
    {
      "attempt_id": 8,
      "success_rate": 0.1,
      "error_message": "The target position of the object is incorrect.",
      "error_count": 6,
      "code": "\nfrom envs._base_task import Base_Task\nfrom envs.beat_block_hammer import beat_block_hammer\nfrom envs.utils import *\nimport sapien\n\nclass gpt_beat_block_hammer(beat_block_hammer):\n    def play_once(self):\n        # Get the block's position to decide the arm\n        block_pose = self.block.get_pose()\n        block_x = block_pose.p[0]  # X-coordinate of the block\n        arm_tag = ArmTag(\"right\") if block_x > 0 else ArmTag(\"left\")\n\n        # Grasp the hammer with the selected arm\n        self.move(\n            self.grasp_actor(\n                actor=self.hammer,\n                arm_tag=arm_tag,\n                pre_grasp_dis=0.1,\n                grasp_dis=0\n            )\n        )\n\n        # Get the block's top functional point pose\n        target_pose = self.block.get_functional_point(point_id=1, return_type=\"pose\")\n\n        # Place the hammer on the block's top functional point\n        self.move(\n            self.place_actor(\n                actor=self.hammer,\n                arm_tag=arm_tag,\n                target_pose=target_pose,\n                functional_point_id=1,  # Use the top functional point of the block\n                pre_dis=0.1,\n                dis=0.02,\n                pre_dis_axis=\"fp\",  # Use functional point direction for pre-displacement\n                constrain=\"free\"     # Allow automatic alignment\n            )\n        )\n",
      "run_records": [
        "Plan execution failed",
        "success!",
        "The target position of the object is incorrect.",
        "The target position of the object is incorrect.",
        "Plan execution failed",
        "The target position of the object is incorrect.",
        "The target position of the object is incorrect.",
        "The target position of the object is incorrect.",
        "The target position of the object is incorrect.",
        "Plan execution failed"
      ]
    },
    {
      "attempt_id": 9,
      "success_rate": 0.2,
      "error_message": "The target position of the object is incorrect.",
      "error_count": 5,
      "code": "\nfrom envs._base_task import Base_Task\nfrom envs.beat_block_hammer import beat_block_hammer\nfrom envs.utils import *\nimport sapien\n\nclass gpt_beat_block_hammer(beat_block_hammer):\n    def play_once(self):\n        # Get the block's pose to determine the arm to use\n        block_pose = self.block.get_pose()\n        block_x = block_pose.p[0]  # Get the block's x-coordinate\n        \n        # Select the arm based on the block's x-coordinate\n        arm_tag = ArmTag(\"right\" if block_x > 0 else \"left\")\n        \n        # Grasp the hammer with the selected arm\n        self.move(\n            self.grasp_actor(\n                actor=self.hammer,\n                arm_tag=arm_tag,\n                pre_grasp_dis=0.1,\n                grasp_dis=0\n            )\n        )\n        \n        # Get the block's functional point (bottom surface)\n        block_functional_point = self.block.get_functional_point(point_id=0, return_type=\"pose\")\n        \n        # Place the hammer's contact point on the block's functional point\n        self.move(\n            self.place_actor(\n                actor=self.hammer,\n                arm_tag=arm_tag,\n                target_pose=block_functional_point,  # Use the block's pose as reference\n                functional_point_id=0,  # Align the hammer's functional point (head)\n                pre_dis=0.1,\n                dis=0.02,\n                pre_dis_axis=\"fp\",  # Move along functional point direction\n                constrain=\"align\",   # Ensure full axis alignment\n                is_open=True         # Release the hammer\n            )\n        )\n",
      "run_records": [
        "Plan execution failed",
        "The target position of the object is incorrect.",
        "The target position of the object is incorrect.",
        "success!",
        "Plan execution failed",
        "The target position of the object is incorrect.",
        "The target position of the object is incorrect.",
        "The target position of the object is incorrect.",
        "success!",
        "Plan execution failed"
      ]
    },
    {
      "attempt_id": 10,
      "success_rate": 0.0,
      "error_message": "The target position of the object is incorrect.",
      "error_count": 8,
      "code": "\nfrom envs._base_task import Base_Task\nfrom envs.beat_block_hammer import beat_block_hammer\nfrom envs.utils import *\nimport sapien\n\nclass gpt_beat_block_hammer(beat_block_hammer):\n    def play_once(self):\n        # Get the block's pose to determine its random position\n        block_pose = self.block.get_pose()\n        block_x = block_pose.p[0]  # Extract x-coordinate from the block's pose\n        \n        # Select arm based on block's x-coordinate\n        arm_tag = ArmTag(\"right\" if block_x > 0 else \"left\")\n        \n        # Get the block's functional point (bottom surface)\n        block_functional_point = self.block.get_functional_point(point_id=0, return_type=\"pose\")\n        \n        # Use place_actor to align hammer's contact point with the block's functional point\n        self.move(\n            self.place_actor(\n                actor=self.hammer,\n                arm_tag=arm_tag,\n                target_pose=block_functional_point,  # Use the functional point's pose\n                functional_point_id=0,               # Hammer's functional point (id 0)\n                pre_dis=0.1,                         # Pre-place displacement\n                dis=0.02,                            # Final placement displacement\n                pre_dis_axis=\"fp\",                  # Use functional point direction for pre-displacement\n                constrain=\"free\",                   # Free positioning constraint\n            )\n        )\n",
      "run_records": [
        "Plan execution failed",
        "The target position of the object is incorrect.",
        "The target position of the object is incorrect.",
        "The target position of the object is incorrect.",
        "Plan execution failed",
        "The target position of the object is incorrect.",
        "The target position of the object is incorrect.",
        "The target position of the object is incorrect.",
        "The target position of the object is incorrect.",
        "The target position of the object is incorrect."
      ]
    }
  ]
}