{
  "task_name": "place_object_stand",
  "task_description": "Use appropriate arm to place the object on the stand.                        Grasp the object with the specified arm. Place the object onto the display stand.                        Note: Don't use functional_point_id and pre_dis_axis='fp', because the object can be any object that is specified in the task.\nFailed to generate code, error message: Error occurred during testing: unterminated string literal (detected at line 63) (gpt_place_object_stand.py, line 63), error count: 20\nThe error may be caused by: \n1. pre_dis_axis is not set correctly in the place_actor function; \n2. the functional point is not set correctly in the place_actor function; \n3. The pre_dis or dis is not set correctly in the place_actor function;\n4. The constrain is not set correctly in the place_actor function, free or align is not constantly fixed, if the code did not have above error, please try to set the constrain to another value.\n5. The code didn't take into account the note given in the example function.\nThe task can be accomplished only through the existing API and example function, please do not use any other API that is not listed in the available API list and examples.\n",
  "best_success_rate": 0.9,
  "success_rates": [
    0,
    0.9
  ],
  "best_code": "\nfrom envs._base_task import Base_Task\nfrom envs.place_object_stand import place_object_stand\nfrom envs.utils import *\nimport sapien\n\nclass gpt_place_object_stand(place_object_stand):\n    def play_once(self):\n        # Define actual objects and parameters instead of placeholders\n        object = self.object\n        displaystand = self.displaystand\n        functional_point_id = 0  # Use functional point 0 from displaystand\n        pre_grasp_dis = 0.1\n        grasp_dis = 0\n        contract_point_id_grasp = None  # Let system choose optimal grasp point\n        move_by_displacement_z = 0.07\n        place_pre_dis = 0.1\n        place_dis = 0.02\n\n        # Get object's position to determine arm\n        object_pose = object.get_pose().p\n        self.arm_tag = ArmTag(\"right\" if object_pose[0] > 0 else \"left\")\n\n        # Grasp the object\n        self.move(\n            self.grasp_actor(\n                object,\n                arm_tag=self.arm_tag,\n                contact_point_id=contract_point_id_grasp,\n                pre_grasp_dis=pre_grasp_dis,\n                grasp_dis=grasp_dis,\n            )\n        )\n\n        # Lift the object\n        self.move(\n            self.move_by_displacement(\n                arm_tag=self.arm_tag,\n                z=move_by_displacement_z,\n                move_axis=\"world\"\n            )\n        )\n\n        # Place on display stand's functional point\n        self.move(\n            self.place_actor(\n                object,\n                arm_tag=self.arm_tag,\n                target_pose=displaystand.get_functional_point(functional_point_id),\n                pre_dis=place_pre_dis,\n                dis=place_dis,\n                constrain=\"free\",  # Optimal alignment strategy\n            )\n        )\n\n        # Clean up arm position\n        self.move(\n            self.move_by_displacement(\n                arm_tag=self.arm_tag,\n                z=0.0,  # Reset z position\n                move_axis=\"world\"\n            )\n        )\n",
  "best_run_records": [
    "success!",
    "success!",
    "success!",
    "success!",
    "success!",
    "success!",
    "Plan execution failed",
    "success!",
    "success!",
    "success!"
  ],
  "all_attempts": [
    {
      "attempt_id": 1,
      "success_rate": 0,
      "error_message": "Error occurred during testing: unterminated string literal (detected at line 63) (gpt_place_object_stand.py, line 63)",
      "error_count": 20,
      "code": "\nfrom envs._base_task import Base_Task\nfrom envs.place_object_stand import place_object_stand\nfrom envs.utils import *\nimport sapien\n\nclass gpt_place_object_stand(place_object_stand):\n    def play_once(self):\n        PLACEHOLDER= None\n        # Replace all PLACEHOLDER variables with actual values\n        object = self.object\n        pre_grasp_dis = 0.1\n        contract_point_id_grasp = None  # Don't use functional_point_id in grasp\n        move_by_displacement_z = 0.07\n        target = self.displaystand\n        target_func_point_id = 0\n        functional_point_id = 0  # For displaystand's functional point 0\n        place_pre_dis = 0.1\n        place_dis = 0.02\n\n        # Get object's pose\n        object_pose = object.get_pose().p\n        # Get target pose from displaystand's functional point 0\n        target_pose = target.get_functional_point(point_id=target_func_point_id, return_type=\"pose\")\n        \n        # Select arm based on object's x position\n        self.arm_tag = ArmTag(\"right\" if object_pose[0] > 0 else \"left\")\n        \n        # Grasp the object without specifying contact point (use None)\n        self.move(\n            self.grasp_actor(\n                actor=object,\n                arm_tag=self.arm_tag,\n                contact_point_id=contract_point_id_grasp,  # None\n                pre_grasp_dis=pre_grasp_dis,\n                grasp_dis=0,\n            )\n        )\n        \n        # Lift the object up\n        self.move(self.move_by_displacement(arm_tag=self.arm_tag, z=move_by_displacement_z, move_axis=\"arm\"))\n        \n        # Place the object on the displaystand's functional point 0\n        self.move(\n            self.place_actor(\n                actor=object,\n                arm_tag=self.arm_tag,\n                target_pose=target_pose,\n                pre_dis=place_pre_dis,\n                dis=place_dis,\n                # Don't use functional_point_id here as per note, but target_pose already specifies the pose\n                pre_dis_axis=\"fp\"  # But note says not to use 'fp', so maybe set to 'grasp'?\n            )\n        )\n        \n        # Move arm up after placing\n        self.move(self.move_by_displacement(arm_tag=self.arm_tag, z=0.1, move_axis=\"arm\"))\n\nBut wait, the note says not to use pre_dis_axis='fp'. So in the place_actor call, pre_dis_axis should not be 'fp'. The default is 'grasp'. So set pre_dis_axis to 'grasp' or another value. But the example uses 'fp'. However, according to the note, we should avoid 'fp'. So set pre_dis_axis to 'grasp'.\n\nBut the place_actor's pre_dis_axis parameter has default 'grasp'. So if we don't specify it, it will use 'grasp'. So in the code, we can omit the pre_dis_axis parameter.\n\nBut in the code example, they set pre_dis_axis='fp'. But according to the note, we shouldn't. So in the corrected code, we should not set pre_dis_axis='fp'.\n\nSo the place_actor call should be:\n\nself.place_actor(\n    actor=object,\n    arm_tag=self.arm_tag,\n    target_pose=target_pose,\n    pre_dis=place_pre_dis,\n    dis=place_dis,\n)\n\nWithout specifying pre_dis_axis. Or set it to 'grasp' explicitly.\n\nBut the note says not to use pre_dis_axis='fp', but using the default 'grasp' is okay.\n\nSo the final code would have:\n\nself.place_actor(\n    actor=object,\n    arm_tag=self.arm_tag,\n    target_pose=target_pose,\n    pre_dis=place_pre_dis,\n    dis=place_dis,\n)\n\nThus, the code should be corrected as above. [unused17] To solve this problem, we need to place an object onto a display stand using a robotic arm. The solution involves grasping the object, lifting it, and then positioning it accurately on the stand. The key steps include selecting the appropriate arm based on the object's position, grasping the object, lifting it, and placing it on the stand's designated functional point.\n\n### Approach\n1. **Select the Arm**: Determine which arm (left or right) to use based on the object's initial position along the x-axis.\n2. **Grasp the Object**: Use the selected arm to grasp the object without specifying a contact point to allow automatic selection of the optimal grasping point.\n3. **Lift the Object**: Move the object upward to avoid collisions during manipulation.\n4. **Place the Object**: Position the object accurately on the display stand's functional point using the retrieved pose information.\n\n### Solution Code\n```python\nclass gpt_place_object_stand(place_object_stand):\n    def play_once(self):\n        PLACEHOLDER = None\n        # Replace all PLACEHOLDER variables with actual values\n        object = self.object\n        pre_grasp_dis = 0.1\n        contract_point_id_grasp = None  # Do not use functional_point_id here\n        move_by_displacement_z = 0.07\n        target = self.displaystand\n        target_func_point_id = 0\n        functional_point_id = 0  # Functional point 0 of the displaystand\n        place_pre_dis = 0.1\n        place_dis = 0.02\n\n        # Get the object's position\n        object_pose = object.get_pose().p\n        # Retrieve the target pose from the displaystand's functional point 0\n        target_pose = target.get_functional_point(point_id=target_func_point_id, return_type=\"pose\")\n        \n        # Select the arm based on the object's x position\n        self.arm_tag = ArmTag(\"right\" if object_pose[0] > 0 else \"left\")\n        \n        # Grasp the object without specifying a contact point\n        self.move(\n            self.grasp_actor(\n                actor=object,\n                arm_tag=self.arm_tag,\n                contact_point_id=contract_point_id_grasp,\n                pre_grasp_dis=pre_grasp_dis,\n                grasp_dis=0,\n            )\n        )\n        \n        # Lift the object to avoid collisions\n        self.move(\n            self.move_by_displacement(\n                arm_tag=self.arm_tag,\n                z=move_by_displacement_z,\n                move_axis=\"arm\"\n            )\n        )\n        \n        # Place the object on the displaystand's functional point\n        self.move(\n            self.place_actor(\n                actor=object,\n                arm_tag=self.arm_tag,\n                target_pose=target_pose,\n                pre_dis=place_pre_dis,\n                dis=place_dis,\n            )\n        )\n        \n        # Move the arm upward after placing to avoid collision\n        self.move(\n            self.move_by_displacement(\n                arm_tag=self.arm_tag,\n                z=0.1,\n                move_axis=\"arm\"\n            )\n        )\n",
      "run_records": "fail"
    },
    {
      "attempt_id": 2,
      "success_rate": 0.9,
      "error_message": "Plan execution failed",
      "error_count": 1,
      "code": "\nfrom envs._base_task import Base_Task\nfrom envs.place_object_stand import place_object_stand\nfrom envs.utils import *\nimport sapien\n\nclass gpt_place_object_stand(place_object_stand):\n    def play_once(self):\n        # Define actual objects and parameters instead of placeholders\n        object = self.object\n        displaystand = self.displaystand\n        functional_point_id = 0  # Use functional point 0 from displaystand\n        pre_grasp_dis = 0.1\n        grasp_dis = 0\n        contract_point_id_grasp = None  # Let system choose optimal grasp point\n        move_by_displacement_z = 0.07\n        place_pre_dis = 0.1\n        place_dis = 0.02\n\n        # Get object's position to determine arm\n        object_pose = object.get_pose().p\n        self.arm_tag = ArmTag(\"right\" if object_pose[0] > 0 else \"left\")\n\n        # Grasp the object\n        self.move(\n            self.grasp_actor(\n                object,\n                arm_tag=self.arm_tag,\n                contact_point_id=contract_point_id_grasp,\n                pre_grasp_dis=pre_grasp_dis,\n                grasp_dis=grasp_dis,\n            )\n        )\n\n        # Lift the object\n        self.move(\n            self.move_by_displacement(\n                arm_tag=self.arm_tag,\n                z=move_by_displacement_z,\n                move_axis=\"world\"\n            )\n        )\n\n        # Place on display stand's functional point\n        self.move(\n            self.place_actor(\n                object,\n                arm_tag=self.arm_tag,\n                target_pose=displaystand.get_functional_point(functional_point_id),\n                pre_dis=place_pre_dis,\n                dis=place_dis,\n                constrain=\"free\",  # Optimal alignment strategy\n            )\n        )\n\n        # Clean up arm position\n        self.move(\n            self.move_by_displacement(\n                arm_tag=self.arm_tag,\n                z=0.0,  # Reset z position\n                move_axis=\"world\"\n            )\n        )\n",
      "run_records": [
        "success!",
        "success!",
        "success!",
        "success!",
        "success!",
        "success!",
        "Plan execution failed",
        "success!",
        "success!",
        "success!"
      ]
    }
  ]
}