{
  "task_name": "beat_block_hammer",
  "task_description": "Pick up the hammer and use it to beat the block on the table once. The hammer is placed at a fixed position on the table,                         but the block is generated randomly on the table. If the block's x coordinate (dim 0) is greater than 0, use the right arm to grasp the hammer,                         else use the left arm. To beat the block, you should place the hammer on the block's functional point                         (i.e., use the place_actor API to align the hammer's contact point with the block's functional point).                         Note: You don't need to Lift the hammer after beating the block, and you don't need to open the gripper or return the arm to origin position.\nFailed to generate code, error message: Traceback (most recent call last):\n  File \"/home/wab/project/RoboTwin/code_gen/test_gen_code.py\", line 250, in run\n    TASK_ENV.play_once()\n  File \"/home/wab/project/RoboTwin/envs_gen/gpt_beat_block_hammer.py\", line 10, in play_once\n    block_pose = self.block.get_functional_point(0, 'pose')  # Get the Pose object\nAttributeError: 'Actor' object has no attribute 'pose'\n, error count: 10\nThe error may be caused by: \n1. pre_dis_axis is not set correctly in the place_actor function; \n2. the functional point is not set correctly in the place_actor function; \n3. The pre_dis or dis is not set correctly in the place_actor function;\n4. The constrain is not set correctly in the place_actor function, free or align is not constantly fixed, if the code did not have above error, please try to set the constrain to another value.\n5. The code didn't take into account the note given in the example function.\nThe task can be accomplished only through the existing API and example function, please do not use any other API that is not listed in the available API list and examples.\n",
  "best_success_rate": 0,
  "success_rates": [
    0,
    0,
    0.0,
    0.0,
    0.0,
    0.0,
    0.0,
    0.0,
    0.0,
    0.0
  ],
  "best_code": null,
  "best_run_records": null,
  "all_attempts": [
    {
      "attempt_id": 1,
      "success_rate": 0,
      "error_message": "Error occurred during testing: unterminated string literal (detected at line 47) (gpt_beat_block_hammer.py, line 47)",
      "error_count": 20,
      "code": "\nfrom envs._base_task import Base_Task\nfrom envs.beat_block_hammer import beat_block_hammer\nfrom envs.utils import *\nimport sapien\n\nclass gpt_beat_block_hammer(beat_block_hammer):\n    def play_once(self):\n        # Get block's position\n        block_pose = self.block.get_pose()\n        block_position = block_pose.p\n        block_x = block_position[0]\n\n        # Determine arm\n        arm_tag = ArmTag(\"right\" if block_x > 0 else \"left\")\n\n        # Grasp the hammer\n        grasp_actions = self.grasp_actor(\n            actor=self.hammer, \n            arm_tag=arm_tag, \n            pre_grasp_dis=0.1, \n            grasp_dis=0\n        )\n\n        # Place the hammer on the block's functional point 1\n        target_pose = self.block.get_functional_point(1, 'pose')\n        place_actions = self.place_actor(\n            actor=self.hammer, \n            arm_tag=arm_tag, \n            target_pose=target_pose, \n            functional_point_id=0, \n            pre_dis=0.1, \n            dis=0.02, \n            is_open=False\n        )\n\n        # Combine actions\n        combined_actions = (arm_tag, grasp_actions[1] + place_actions[1])\n        self.move(combined_actions)\n\nBut wait, the grasp_actions is a tuple (arm_tag, [actions]), and place_actions is also a tuple (arm_tag, [actions]). So combining their action lists would be correct. \n\nBut the move function expects actions_by_arm1 and actions_by_arm2. So passing combined_actions as actions_by_arm1 and actions_by_arm2 as None would work. \n\nBut the code may need to handle the case where the arm is left or right. \n\nAnother thing to check: the place_actor function's pre_dis and dis parameters. The task says that after placing, the gripper should not open. So is_open is set to False. \n\nBut the place_actor function's pre_dis and dis parameters are set to 0.1 and 0.02, respectively. However, if is_open is False, then pre_dis and dis are set to 0. \n\nWait, the place_actor function's parameters include is_open. The description says: \"is_open: Whether to open the gripper after placing (default True), Set False if you need to keep gripper closed to maintain hold of the object\". \n\nSo if is_open is False, then pre_dis and dis are set to 0. \n\nBut in the code above, pre_dis and dis are set to 0.1 and 0.02. That may not be correct. \n\nSo the code should set pre_dis and dis to 0 if is_open is False. \n\nSo the code for place_actions should be:\n\nplace_actions = self.place_actor(\n    actor=self.hammer, \n    arm_tag=arm_tag, \n    target_pose=target_pose, \n    functional_point_id=0, \n    pre_dis=0.0, \n    dis=0.0, \n    is_open=False\n)\n\nBut the default for pre_dis is 0.1, and dis is 0.02. So if is_open is False, then pre_dis and dis should be 0. \n\nBut the place_actor function's parameters have pre_dis and dis as optional, with defaults. So if is_open is False, then pre_dis and dis should be set to 0. \n\nSo the code should set pre_dis=0.0 and dis=0.0 when is_open is False. \n\nSo the code for place_actions becomes:\n\nplace_actions = self.place_actor(\n    actor=self.hammer, \n    arm_tag=arm_tag, \n    target_pose=target_pose, \n    functional_point_id=0, \n    pre_dis=0.0, \n    dis=0.0, \n    is_open=False\n)\n\nBut the place_actor function's pre_dis and dis parameters are optional. So the code can set them to 0.0. \n\nAnother thing to consider: the functional_point_id for the place_actor function. The functional_point_id is for the object being placed (the hammer) to align its functional point with the target_pose. So the hammer's functional_point_id is 0, which is the head. \n\nSo the code is correct. \n\nPutting it all together, the code for play_once would be:\n\nclass gpt_beat_block_hammer(beat_block_hammer):\n    def play_once(self):\n        # Get block's position\n        block_pose = self.block.get_pose()\n        block_position = block_pose.p\n        block_x = block_position[0]\n\n        # Determine arm\n        arm_tag = ArmTag(\"right\" if block_x > 0 else \"left\")\n\n        # Grasp the hammer\n        grasp_actions = self.grasp_actor(\n            actor=self.hammer, \n            arm_tag=arm_tag, \n            pre_grasp_dis=0.1, \n            grasp_dis=0\n        )\n\n        # Place the hammer on the block's functional point 1\n        target_pose = self.block.get_functional_point(1, 'pose')\n        place_actions = self.place_actor(\n            actor=self.hammer, \n            arm_tag=arm_tag, \n            target_pose=target_pose, \n            functional_point_id=0, \n            pre_dis=0.0, \n            dis=0.0, \n            is_open=False\n        )\n\n        # Combine actions\n        combined_actions = (arm_tag, grasp_actions[1] + place_actions[1])\n        self.move(combined_actions)\n\nBut wait, the move function's parameters are actions_by_arm1 and actions_by_arm2. So the code is passing a single action sequence for the arm. \n\nBut the move function can take a single action sequence for one arm. \n\nSo the code should be:\n\nself.move(combined_actions)\n\nBut the combined_actions is a tuple (arm_tag, [actions]), which is correct. \n\nBut the move function's parameters are actions_by_arm1 and actions_by_arm2. So passing combined_actions as actions_by_arm1 and actions_by_arm2 as None would work. \n\nBut in the code, the move function is called with combined_actions as the first argument, and actions_by_arm2 is not provided. \n\nSo the code is correct. \n\nAnother thing to check: the block's functional point 1's pose. The block's functional point 1 is on the top of the block. So when placing the hammer there, the hammer's head (functional point 0) is aligned with the block's top functional point. \n\nThis should correctly position the hammer to hit the block. \n\nSo the code should work. \n\nNow, testing for possible errors. \n\nWhat if the block's x is exactly 0? The code uses block_x > 0, so if it's 0, it uses the left arm. \n\nWhat if the block is not on the table? The task says the block is generated randomly on the table, so it's safe to assume it's on the table. \n\nAnother thing: the hammer's contact points are None, but the grasp_actor function uses the best grasping point. So the code should work. \n\nThus, the final code should be as above.\n</think>\n\nTo complete the task of **picking up the hammer and using it to beat the block on the table**, we need to follow a structured sequence of actions:\n\n---\n\n### \u2705 **Task Breakdown**\n\n1. **Determine the arm to use**:\n   - If the block's x-coordinate is greater than 0, use the **right arm**.\n   - Otherwise, use the **left arm**.\n\n2. **Grasp the hammer**:\n   - Use the `grasp_actor` function to pick up the hammer with the selected arm.\n   - The hammer is at a fixed position on the table, so we can directly use the `grasp_actor` API.\n\n3. **Place the hammer on the block**:\n   - Use the `place_actor` function to align the hammer's **functional point 0** (the head) with the **block's functional point 1** (the top of the block).\n   - This ensures the hammer is positioned to hit the block.\n   - Do **not** open the gripper after placing, as the task specifies that the hammer should remain in the arm.\n\n4. **Execute the actions**:\n   - Combine the grasp and place actions into a single move sequence for the selected arm.\n\n---\n\n### \u2705 **Final Code Implementation**\n\n```python\nclass gpt_beat_block_hammer(beat_block_hammer):\n    def play_once(self):\n        # Step 1: Get the block's position\n        block_pose = self.block.get_pose()\n        block_position = block_pose.p\n        block_x = block_position[0]\n\n        # Step 2: Determine which arm to use\n        arm_tag = ArmTag(\"right\" if block_x > 0 else \"left\")\n\n        # Step 3: Grasp the hammer\n        grasp_actions = self.grasp_actor(\n            actor=self.hammer,\n            arm_tag=arm_tag,\n            pre_grasp_dis=0.1,\n            grasp_dis=0\n        )\n\n        # Step 4: Place the hammer on the block's functional point 1\n        target_pose = self.block.get_functional_point(1, 'pose')\n        place_actions = self.place_actor(\n            actor=self.hammer,\n            arm_tag=arm_tag,\n            target_pose=target_pose,\n            functional_point_id=0,\n            pre_dis=0.0,\n            dis=0.0,\n            is_open=False\n        )\n\n        # Step 5: Combine and execute the actions\n        combined_actions = (arm_tag, grasp_actions[1] + place_actions[1])\n        self.move(combined_actions)\n",
      "run_records": "fail"
    },
    {
      "attempt_id": 2,
      "success_rate": 0,
      "error_message": "Error occurred during testing: unterminated string literal (detected at line 60) (gpt_beat_block_hammer.py, line 60)",
      "error_count": 20,
      "code": "\nfrom envs._base_task import Base_Task\nfrom envs.beat_block_hammer import beat_block_hammer\nfrom envs.utils import *\nimport sapien\n\nclass gpt_beat_block_hammer(beat_block_hammer):\n    def play_once(self):\n    # Determine which arm to use\n    block_pose = self.block.get_pose()\n    block_position = block_pose.p\n    if block_position[0] > 0:\n        arm_tag = ArmTag(\"right\")\n    else:\n        arm_tag = ArmTag(\"left\")\n    \n    # Grasp the hammer\n    grasp_actions = self.grasp_actor(\n        actor=self.hammer,\n        arm_tag=arm_tag,\n        pre_grasp_dis=0.1,\n        grasp_dis=0,\n        gripper_pos=0.0\n    )\n    \n    # Place the hammer on the block's functional point 1 (top)\n    block_func_point_1_pose = self.block.get_functional_point(1, \"pose\")\n    place_actions = self.place_actor(\n        actor=self.hammer,\n        arm_tag=arm_tag,\n        target_pose=block_func_point_1_pose,\n        functional_point_id=0,  # hammer's functional point 0 (head)\n        pre_dis=0.1,\n        dis=0.02,\n        is_open=False,\n        pre_dis_axis='fp'\n    )\n    \n    # Execute the actions\n    self.move(grasp_actions)\n    self.move(place_actions)\n\nWait, but the place_actor function's dis is set to 0.02, but since is_open is False, maybe dis should be 0. However, the default for dis is 0.02, but if is_open is False, the dis is not used. Wait, the API description says: \"dis: Final placement distance (default 0.02 meters), arm moves from pre-place to this location, then opens the gripper. If is_open is False, pre_dis and dis will be 0, and the gripper will not open after placing.\" So if is_open is False, then pre_dis and dis are set to 0. So in the code, if is_open is False, we should set pre_dis and dis to 0. But the user's code may have set them to 0.1 and 0.02, which would be incorrect. So the correct parameters would be:\n\nplace_actions = self.place_actor(\n    actor=self.hammer,\n    arm_tag=arm_tag,\n    target_pose=block_func_point_1_pose,\n    functional_point_id=0,\n    pre_dis=0.0,\n    dis=0.0,\n    is_open=False,\n    pre_dis_axis='fp'\n)\n\nBut the note says that if is_open is False, set dis to 0. So the code should set pre_dis and dis to 0. However, the default for pre_dis is 0.1, so if we set is_open=False, the pre_dis and dis are set to 0. So the code should have is_open=False, and pre_dis and dis can be omitted, but to be safe, set them to 0.\n\nAnother thing: the place_actor function's target_pose is the block's functional point 1's pose. The functional_point_id is the hammer's functional point 0. So the hammer's head is placed at the block's top functional point.\n\nBut wait, the block's functional point 1 is on the top, which is where the hammer should hit. So aligning the hammer's head (functional point 0) with the block's top functional point (id 1) is correct.\n\nNow, the error message about unterminated string could be due to a missing quote in the code. For example, if the user wrote something like:\n\npre_dis_axis='fp' without the quotes, but that's not possible. Or maybe a missing quote in a string. For example, if they wrote:\n\nself.block.get_functional_point(1, \"pose\") without the quotes around \"pose\", but that's not the case here. Wait, the code uses \"pose\" as a string, so the quotes are necessary. So if the user forgot a quote, that would cause the error.\n\nBut the user's code is not provided, so I need to generate the correct code with proper syntax.\n\nAnother possible error is in the place_actor function's parameters. For example, if the user used a string instead of a list for the target_pose, but the code uses the get_functional_point which returns a pose, which is acceptable.\n\nAnother thing: the block's functional point 1's pose is obtained via get_functional_point(1, \"pose\"), which returns a 7D pose. The place_actor function's target_pose can be that pose.\n\nSo the code should be:\n\ndef play_once(self):\n    # Determine which arm to use\n    block_pose = self.block.get_pose()\n    block_position = block_pose.p\n    arm_tag = ArmTag(\"right\") if block_position[0] > 0 else ArmTag(\"left\")\n    \n    # Grasp the hammer\n    grasp_actions = self.grasp_actor(\n        actor=self.hammer,\n        arm_tag=arm_tag,\n        pre_grasp_dis=0.1,\n        grasp_dis=0,\n        gripper_pos=0.0\n    )\n    \n    # Place the hammer on the block's functional point 1 (top)\n    block_func_point_1_pose = self.block.get_functional_point(1, \"pose\")\n    place_actions = self.place_actor(\n        actor=self.hammer,\n        arm_tag=arm_tag,\n        target_pose=block_func_point_1_pose,\n        functional_point_id=0,  # hammer's functional point 0 (head)\n        pre_dis=0.0,\n        dis=0.0,\n        is_open=False,\n        pre_dis_axis='fp'\n    )\n    \n    # Execute the actions\n    self.move(grasp_actions)\n    self.move(place_actions)\n\nBut wait, the place_actor function's pre_dis and dis are set to 0.0, and is_open is False. This should prevent the gripper from opening. Also, the pre_dis_axis is set to 'fp', which is correct for using the functional point direction.\n\nAnother thing to check: the block's functional point 1 is on the top, which is the correct point to hit. The hammer's functional point 0 is on the head, which is the contact point. So aligning them should work.\n\nNow, the error message about unterminated string could be due to a missing quote in the code. For example, if the user wrote:\n\npre_dis_axis='fp' without the quotes, but that's not possible. Or maybe a missing quote in a string. For example, if they wrote:\n\nself.block.get_functional_point(1, \"pose\") without the quotes around \"pose\", but that's not the case here. The code uses \"pose\" as a string, so the quotes are necessary.\n\nAnother possible error is in the use of the place_actor function's parameters. For example, if the user used a string instead of a list for the target_pose, but the code uses the get_functional_point which returns a pose, which is acceptable.\n\nAnother thing: the code uses self.block.get_pose(), which is correct. The block is in the actor list as self.block.\n\nSo the final code should be as above. Let me check for any syntax errors. The code uses proper quotes, and the parameters are correctly formatted. The move function is called with the actions generated by grasp_actor and place_actor.\n\nAnother possible error is that the place_actor function's functional_point_id is for the actor being placed (the hammer), which is 0. That's correct.\n\nSo the code should work. The error message might have been due to a missing quote in the user's code, but the generated code should be correct.\n</think>\n\nTo successfully complete the task of **picking up the hammer and using it to beat the block on the table**, we need to follow a structured sequence of actions using the provided API. The key steps are:\n\n---\n\n### \u2705 **Step-by-Step Plan**\n\n1. **Determine the arm to use** based on the block's x-coordinate:\n   - If the block's x-coordinate is **greater than 0**, use the **right arm**.\n   - Otherwise, use the **left arm**.\n\n2. **Grasp the hammer** using the selected arm:\n   - Use the `grasp_actor` API to pick up the hammer.\n   - The `grasp_dis` is set to `0` to avoid unnecessary movement after grasping.\n   - The `gripper_pos` is set to `0.0` to fully close the gripper.\n\n3. **Place the hammer** on the block's **top functional point** (id=1):\n   - Use the `place_actor` API to align the hammer's **head (functional point 0)** with the block's **top functional point (id=1)**.\n   - Set `is_open=False` to **not open the gripper** after placing.\n   - Set `pre_dis=0.0` and `dis=0.0` to avoid unnecessary movement.\n   - Use `pre_dis_axis='fp'` to align the placement with the functional point direction.\n\n4. **Execute the actions** using the `move` API.\n\n---\n\n### \u2705 **Final Code Implementation**\n\n```python\nclass gpt_beat_block_hammer(beat_block_hammer):\n    def play_once(self):\n        # Determine which arm to use based on the block's x-coordinate\n        block_pose = self.block.get_pose()\n        block_position = block_pose.p\n        arm_tag = ArmTag(\"right\") if block_position[0] > 0 else ArmTag(\"left\")\n\n        # Grasp the hammer with the selected arm\n        grasp_actions = self.grasp_actor(\n            actor=self.hammer,\n            arm_tag=arm_tag,\n            pre_grasp_dis=0.1,\n            grasp_dis=0,\n            gripper_pos=0.0\n        )\n\n        # Place the hammer on the block's top functional point (id=1)\n        block_func_point_1_pose = self.block.get_functional_point(1, \"pose\")\n        place_actions = self.place_actor(\n            actor=self.hammer,\n            arm_tag=arm_tag,\n            target_pose=block_func_point_1_pose,\n            functional_point_id=0,  # Align hammer's head (functional point 0)\n            pre_dis=0.0,\n            dis=0.0,\n            is_open=False,\n            pre_dis_axis='fp'\n        )\n\n        # Execute the actions\n        self.move(grasp_actions)\n        self.move(place_actions)\n",
      "run_records": "fail"
    },
    {
      "attempt_id": 3,
      "success_rate": 0.0,
      "error_message": "Traceback (most recent call last):\n  File \"/home/wab/project/RoboTwin/code_gen/test_gen_code.py\", line 250, in run\n    TASK_ENV.play_once()\n  File \"/home/wab/project/RoboTwin/envs_gen/gpt_beat_block_hammer.py\", line 10, in play_once\n    block_position = self.block.pose.p\nAttributeError: 'Actor' object has no attribute 'pose'\n",
      "error_count": 10,
      "code": "\nfrom envs._base_task import Base_Task\nfrom envs.beat_block_hammer import beat_block_hammer\nfrom envs.utils import *\nimport sapien\n\nclass gpt_beat_block_hammer(beat_block_hammer):\n    def play_once(self):\n        # Determine which arm to use based on the block's x-coordinate\n        block_position = self.block.pose.p\n        arm_tag = ArmTag(\"right\" if block_position[0] > 0 else \"left\")\n\n        # Grasp the hammer with the selected arm\n        self.move(\n            self.grasp_actor(\n                actor=self.hammer,\n                arm_tag=arm_tag,\n                pre_grasp_dis=0.1,\n                grasp_dis=0\n            )\n        )\n\n        # Get the block's top functional point pose\n        block_top_pose = self.block.get_functional_point(1, \"pose\")\n\n        # Place the hammer on the block's top functional point\n        self.move(\n            self.place_actor(\n                actor=self.hammer,\n                arm_tag=arm_tag,\n                target_pose=block_top_pose,\n                functional_point_id=0,\n                pre_dis=0.1,\n                dis=0.02,\n                is_open=False,\n                pre_dis_axis=\"fp\"\n            )\n        )\n",
      "run_records": [
        "Error: 'Actor' object has no attribute 'pose'",
        "Error: 'Actor' object has no attribute 'pose'",
        "Error: 'Actor' object has no attribute 'pose'",
        "Error: 'Actor' object has no attribute 'pose'",
        "Error: 'Actor' object has no attribute 'pose'",
        "Error: 'Actor' object has no attribute 'pose'",
        "Error: 'Actor' object has no attribute 'pose'",
        "Error: 'Actor' object has no attribute 'pose'",
        "Error: 'Actor' object has no attribute 'pose'",
        "Error: 'Actor' object has no attribute 'pose'"
      ]
    },
    {
      "attempt_id": 4,
      "success_rate": 0.0,
      "error_message": "Traceback (most recent call last):\n  File \"/home/wab/project/RoboTwin/code_gen/test_gen_code.py\", line 250, in run\n    TASK_ENV.play_once()\n  File \"/home/wab/project/RoboTwin/envs_gen/gpt_beat_block_hammer.py\", line 10, in play_once\n    block_position = self.block.get_functional_point(0, 'p')\nAttributeError: 'Actor' object has no attribute 'pose'\n",
      "error_count": 10,
      "code": "\nfrom envs._base_task import Base_Task\nfrom envs.beat_block_hammer import beat_block_hammer\nfrom envs.utils import *\nimport sapien\n\nclass gpt_beat_block_hammer(beat_block_hammer):\n    def play_once(self):\n    # Get block's position to determine arm\n    block_position = self.block.get_functional_point(0, 'p')\n    block_x = block_position[0]\n    # Determine arm\n    arm_tag = ArmTag(\"right\" if block_x > 0 else \"left\")\n    # Grasp hammer with selected arm\n    self.move(\n        self.grasp_actor(\n            actor=self.hammer,\n            arm_tag=arm_tag,\n            pre_grasp_dis=0.1,\n            grasp_dis=0\n        )\n    )\n    # Place hammer on block's functional point 1\n    target_pose = self.block.get_functional_point(1, 'pose')\n    self.move(\n        self.place_actor(\n            actor=self.hammer,\n            arm_tag=arm_tag,\n            target_pose=target_pose,\n            functional_point_id=0,\n            pre_dis=0.1,\n            dis=0.02,\n            is_open=False,\n            constrain='free',\n            pre_dis_axis='fp'\n        )\n    )\n\nBut wait, the place_actor function's pre_dis and dis parameters. The note says that if is_open is False, set dis to 0. But the user's note says not to open the gripper, so is_open=False. However, the default for dis is 0.02. But if is_open is False, the dis should be 0. So maybe set dis=0.0. Or perhaps the default is okay. Also, the pre_dis_axis is set to 'fp' because we're using the functional point for pre-displacement.\n\nAnother thing: the hammer is being placed, so after placing, the arm doesn't need to move back. The task says not to return the arm to origin.\n\nBut the user's code might have had syntax errors, like missing quotes or incorrect parameters. For example, in the initial code, the line with the unterminated string might have been due to a missing quote in a string, like a parameter that was supposed to be a string but was missing the closing quote.\n\nSo, ensuring that all strings are properly quoted and parameters are correctly formatted is important.\n\nAnother possible error is that the place_actor function's target_pose is supposed to be a Pose object, which is obtained via get_functional_point(..., 'pose'). So, in the code, target_pose is set to self.block.get_functional_point(1, 'pose'), which is correct.\n\nAlso, the functional_point_id for the hammer is 0, which is the head, which is the contact point for hitting the block.\n\nSo, putting all this together, the code should be structured as above, with proper handling of the block's position and the correct parameters for place_actor.\n</think>\n\nTo successfully complete the task of **picking up the hammer and using it to beat the block on the table**, we need to carefully follow the API and the environment's constraints. The key steps are:\n\n---\n\n### \u2705 **Step-by-Step Plan**\n\n1. **Determine the block's position** to decide which arm to use.\n2. **Grasp the hammer** using the appropriate arm.\n3. **Place the hammer** on the block's functional point (top) using `place_actor`.\n\n---\n\n### \ud83d\udee0\ufe0f **Implementation Details**\n\n- **Block Position**: Use `get_functional_point(0, 'p')` to get the block's position (bottom of the block).\n- **Arm Selection**: If the block's x-coordinate is positive, use the **right arm**; otherwise, use the **left arm**.\n- **Grasp the Hammer**: Use `grasp_actor` with the selected arm.\n- **Place the Hammer**: Align the hammer's **functional point 0** (head) with the **block's functional point 1** (top) using `place_actor`.\n\n---\n\n### \u2705 **Corrected Code**\n\n```python\nclass gpt_beat_block_hammer(beat_block_hammer):\n    def play_once(self):\n        # Get block's position to determine which arm to use\n        block_position = self.block.get_functional_point(0, 'p')  # Get bottom position\n        block_x = block_position[0]\n\n        # Determine which arm to use\n        arm_tag = ArmTag(\"right\" if block_x > 0 else \"left\")\n\n        # Grasp the hammer with the selected arm\n        self.move(\n            self.grasp_actor(\n                actor=self.hammer,\n                arm_tag=arm_tag,\n                pre_grasp_dis=0.1,\n                grasp_dis=0\n            )\n        )\n\n        # Place the hammer on the block's functional point 1 (top)\n        target_pose = self.block.get_functional_point(1, 'pose')  # Get top functional point pose\n        self.move(\n            self.place_actor(\n                actor=self.hammer,\n                arm_tag=arm_tag,\n                target_pose=target_pose,\n                functional_point_id=0,  # Align hammer's head (functional point 0) with block's top\n                pre_dis=0.1,\n                dis=0.02,\n                is_open=False,  # Do not open gripper after placing\n                constrain='free',  # Use free alignment\n                pre_dis_axis='fp'  # Use functional point direction for pre-displacement\n            )\n        )\n",
      "run_records": [
        "Error: 'Actor' object has no attribute 'pose'",
        "Error: 'Actor' object has no attribute 'pose'",
        "Error: 'Actor' object has no attribute 'pose'",
        "Error: 'Actor' object has no attribute 'pose'",
        "Error: 'Actor' object has no attribute 'pose'",
        "Error: 'Actor' object has no attribute 'pose'",
        "Error: 'Actor' object has no attribute 'pose'",
        "Error: 'Actor' object has no attribute 'pose'",
        "Error: 'Actor' object has no attribute 'pose'",
        "Error: 'Actor' object has no attribute 'pose'"
      ]
    },
    {
      "attempt_id": 5,
      "success_rate": 0.0,
      "error_message": "Traceback (most recent call last):\n  File \"/home/wab/project/RoboTwin/code_gen/test_gen_code.py\", line 250, in run\n    TASK_ENV.play_once()\n  File \"/home/wab/project/RoboTwin/envs_gen/gpt_beat_block_hammer.py\", line 10, in play_once\nAttributeError: 'Actor' object has no attribute 'pose'\n",
      "error_count": 10,
      "code": "\nfrom envs._base_task import Base_Task\nfrom envs.beat_block_hammer import beat_block_hammer\nfrom envs.utils import *\nimport sapien\n\nclass gpt_beat_block_hammer(beat_block_hammer):\n    ",
      "run_records": [
        "Error: 'Actor' object has no attribute 'pose'",
        "Error: 'Actor' object has no attribute 'pose'",
        "Error: 'Actor' object has no attribute 'pose'",
        "Error: 'Actor' object has no attribute 'pose'",
        "Error: 'Actor' object has no attribute 'pose'",
        "Error: 'Actor' object has no attribute 'pose'",
        "Error: 'Actor' object has no attribute 'pose'",
        "Error: 'Actor' object has no attribute 'pose'",
        "Error: 'Actor' object has no attribute 'pose'",
        "Error: 'Actor' object has no attribute 'pose'"
      ]
    },
    {
      "attempt_id": 6,
      "success_rate": 0.0,
      "error_message": "Traceback (most recent call last):\n  File \"/home/wab/project/RoboTwin/code_gen/test_gen_code.py\", line 250, in run\n    TASK_ENV.play_once()\n  File \"/home/wab/project/RoboTwin/envs_gen/gpt_beat_block_hammer.py\", line 10, in play_once\n    block_position = self.block.get_functional_point(0, 'p')\nAttributeError: 'Actor' object has no attribute 'pose'\n",
      "error_count": 10,
      "code": "\nfrom envs._base_task import Base_Task\nfrom envs.beat_block_hammer import beat_block_hammer\nfrom envs.utils import *\nimport sapien\n\nclass gpt_beat_block_hammer(beat_block_hammer):\n    def play_once(self):\n    # Get block's position\n    block_position = self.block.get_functional_point(0, 'p')\n    # Determine arm\n    arm_tag = ArmTag(\"right\" if block_position[0] > 0 else \"left\")\n    # Grasp hammer\n    self.move(self.grasp_actor(self.hammer, arm_tag))\n    # Place hammer on block's top functional point\n    target_pose = self.block.get_functional_point(1, 'pose')\n    self.move(self.place_actor(\n        self.hammer,\n        arm_tag,\n        target_pose,\n        functional_point_id=0,\n        is_open=False\n    ))\n\nBut wait, the place_actor function's parameters include pre_dis and dis. The default values are 0.1 and 0.02, but since we don't need to open the gripper, is_open is set to False. Also, the pre_dis and dis might need adjustment. \n\nAnother thing to check is the constrain parameter. The example suggests using 'free' or 'align'. Since the task requires aligning the hammer's head with the block's top, maybe 'align' is better. \n\nSo, adding constrain='align' to the place_actor call. \n\nAlso, the pre_dis_axis should be set to 'fp' if using functional_point_id. \n\nSo, the final code would include these parameters. \n\nBut the user's previous code had errors due to incorrect attribute access. So the main fix is to use get_functional_point instead of accessing pose directly. \n\nAnother possible error is that the code didn't use the correct parameters in place_actor. For example, the target_pose should be the block's functional point 1's pose, and the functional_point_id for the hammer is 0. \n\nSo, the corrected code should address these points.\n</think>\n\nTo successfully complete the task of **picking up the hammer and using it to beat the block on the table**, we need to carefully follow the API and the environment's constraints. The key issue in the previous attempts was the incorrect access to the `pose` attribute of the `Actor` object, which does not exist. Instead, we must use the `get_functional_point` method to retrieve the position and orientation of the block and hammer.\n\n---\n\n### \u2705 **Corrected Code**\n\n```python\nclass gpt_beat_block_hammer(beat_block_hammer):\n    def play_once(self):\n        # Step 1: Get the block's position to determine which arm to use\n        block_position = self.block.get_functional_point(0, 'p')  # Get the base position of the block\n\n        # Step 2: Choose the arm based on the block's x-coordinate\n        arm_tag = ArmTag(\"right\" if block_position[0] > 0 else \"left\")\n\n        # Step 3: Grasp the hammer with the selected arm\n        self.move(\n            self.grasp_actor(\n                actor=self.hammer,\n                arm_tag=arm_tag,\n                pre_grasp_dis=0.1,\n                grasp_dis=0,\n                gripper_pos=0.0\n            )\n        )\n\n        # Step 4: Place the hammer on the block's top functional point (id=1)\n        target_pose = self.block.get_functional_point(1, 'pose')  # Target is the block's top functional point\n        self.move(\n            self.place_actor(\n                actor=self.hammer,\n                arm_tag=arm_tag,\n                target_pose=target_pose,\n                functional_point_id=0,  # Align the hammer's head (functional point 0) with the target\n                pre_dis=0.1,\n                dis=0.02,\n                is_open=False,  # Keep the gripper closed after placing\n                constrain=\"align\",  # Ensure orientation is aligned\n                pre_dis_axis=\"fp\"  # Use the functional point direction for pre-displacement\n            )\n        )\n```\n\n---\n\n### \ud83d\udd0d **Explanation of Key Fixes and Design Choices**\n\n1. **Avoiding `pose` Attribute Access**:\n   - The `Actor` object does **not** have a `pose` attribute. Instead, we use `get_functional_point(point_id, return_type)` to retrieve the position or orientation of a functional point.\n   - `block_position = self.block.get_functional_point(0, 'p')` correctly retrieves the block's base position.\n\n2. **Choosing the Arm**:\n   - Based on the block's x-coordinate, we choose the right or left arm. This is done using:\n     ```python\n     arm_tag = ArmTag(\"right\" if block_position[0] > 0 else \"left\")\n     ",
      "run_records": [
        "Error: 'Actor' object has no attribute 'pose'",
        "Error: 'Actor' object has no attribute 'pose'",
        "Error: 'Actor' object has no attribute 'pose'",
        "Error: 'Actor' object has no attribute 'pose'",
        "Error: 'Actor' object has no attribute 'pose'",
        "Error: 'Actor' object has no attribute 'pose'",
        "Error: 'Actor' object has no attribute 'pose'",
        "Error: 'Actor' object has no attribute 'pose'",
        "Error: 'Actor' object has no attribute 'pose'",
        "Error: 'Actor' object has no attribute 'pose'"
      ]
    },
    {
      "attempt_id": 7,
      "success_rate": 0.0,
      "error_message": "Traceback (most recent call last):\n  File \"/home/wab/project/RoboTwin/code_gen/test_gen_code.py\", line 250, in run\n    TASK_ENV.play_once()\n  File \"/home/wab/project/RoboTwin/envs_gen/gpt_beat_block_hammer.py\", line 10, in play_once\n    block_position = self.block.get_functional_point(0, 'p')\nAttributeError: 'Actor' object has no attribute 'pose'\n",
      "error_count": 10,
      "code": "\nfrom envs._base_task import Base_Task\nfrom envs.beat_block_hammer import beat_block_hammer\nfrom envs.utils import *\nimport sapien\n\nclass gpt_beat_block_hammer(beat_block_hammer):\n    def play_once(self):\n        # Step 1: Get the block's position using functional point 0\n        block_position = self.block.get_functional_point(0, 'p')\n        block_x = block_position[0]\n\n        # Step 2: Choose the arm based on the block's x-coordinate\n        if block_x > 0:\n            arm_tag = ArmTag(\"right\")\n        else:\n            arm_tag = ArmTag(\"left\")\n\n        # Step 3: Grasp the hammer with the selected arm\n        self.move(\n            self.grasp_actor(\n                actor=self.hammer,\n                arm_tag=arm_tag,\n                pre_grasp_dis=0.1,\n                grasp_dis=0,\n                contact_point_id=[0]  # Use functional point 0 for grasping\n            )\n        )\n\n        # Step 4: Place the hammer on the block's functional point 1 (top)\n        block_top_pose = self.block.get_functional_point(1, 'pose')\n        self.move(\n            self.place_actor(\n                actor=self.hammer,\n                arm_tag=arm_tag,\n                target_pose=block_top_pose,\n                functional_point_id=0,  # Align hammer's head with block's top\n                pre_dis=0.1,\n                dis=0.02,\n                is_open=False,\n                constrain='free',\n                pre_dis_axis='fp'\n            )\n        )\n",
      "run_records": [
        "Error: 'Actor' object has no attribute 'pose'",
        "Error: 'Actor' object has no attribute 'pose'",
        "Error: 'Actor' object has no attribute 'pose'",
        "Error: 'Actor' object has no attribute 'pose'",
        "Error: 'Actor' object has no attribute 'pose'",
        "Error: 'Actor' object has no attribute 'pose'",
        "Error: 'Actor' object has no attribute 'pose'",
        "Error: 'Actor' object has no attribute 'pose'",
        "Error: 'Actor' object has no attribute 'pose'",
        "Error: 'Actor' object has no attribute 'pose'"
      ]
    },
    {
      "attempt_id": 8,
      "success_rate": 0.0,
      "error_message": "Traceback (most recent call last):\n  File \"/home/wab/project/RoboTwin/code_gen/test_gen_code.py\", line 250, in run\n    TASK_ENV.play_once()\n  File \"/home/wab/project/RoboTwin/envs_gen/gpt_beat_block_hammer.py\", line 10, in play_once\n    block_position = self.block.get_functional_point(0, 'p')  # Get bottom functional point's position\nAttributeError: 'Actor' object has no attribute 'pose'\n",
      "error_count": 10,
      "code": "\nfrom envs._base_task import Base_Task\nfrom envs.beat_block_hammer import beat_block_hammer\nfrom envs.utils import *\nimport sapien\n\nclass gpt_beat_block_hammer(beat_block_hammer):\n    def play_once(self):\n        # Get block's position to determine which arm to use\n        block_position = self.block.get_functional_point(0, 'p')  # Get bottom functional point's position\n\n        # Choose arm based on block's x-coordinate\n        if block_position[0] > 0:\n            arm_tag = ArmTag(\"right\")\n        else:\n            arm_tag = ArmTag(\"left\")\n\n        # Grasp the hammer with the selected arm\n        self.move(\n            self.grasp_actor(\n                actor=self.hammer,\n                arm_tag=arm_tag,\n                pre_grasp_dis=0.1,\n                grasp_dis=0\n            )\n        )\n\n        # Place the hammer on the block's top functional point\n        target_pose = self.block.get_functional_point(1, \"pose\")  # Get the block's top functional point\n        self.move(\n            self.place_actor(\n                actor=self.hammer,\n                arm_tag=arm_tag,\n                target_pose=target_pose,\n                functional_point_id=1,\n                pre_dis=0.1,\n                dis=0.02,\n                is_open=False,\n                constrain=\"free\",\n                pre_dis_axis=\"fp\"\n            )\n        )\n",
      "run_records": [
        "Error: 'Actor' object has no attribute 'pose'",
        "Error: 'Actor' object has no attribute 'pose'",
        "Error: 'Actor' object has no attribute 'pose'",
        "Error: 'Actor' object has no attribute 'pose'",
        "Error: 'Actor' object has no attribute 'pose'",
        "Error: 'Actor' object has no attribute 'pose'",
        "Error: 'Actor' object has no attribute 'pose'",
        "Error: 'Actor' object has no attribute 'pose'",
        "Error: 'Actor' object has no attribute 'pose'",
        "Error: 'Actor' object has no attribute 'pose'"
      ]
    },
    {
      "attempt_id": 9,
      "success_rate": 0.0,
      "error_message": "Traceback (most recent call last):\n  File \"/home/wab/project/RoboTwin/code_gen/test_gen_code.py\", line 250, in run\n    TASK_ENV.play_once()\n  File \"/home/wab/project/RoboTwin/envs_gen/gpt_beat_block_hammer.py\", line 10, in play_once\n    # Get the block's bottom functional point's pose\nAttributeError: 'Actor' object has no attribute 'pose'\n",
      "error_count": 10,
      "code": "\nfrom envs._base_task import Base_Task\nfrom envs.beat_block_hammer import beat_block_hammer\nfrom envs.utils import *\nimport sapien\n\nclass gpt_beat_block_hammer(beat_block_hammer):\n    def play_once(self):\n        # Step 1: Determine which arm to use based on the block's x-coordinate\n        # Get the block's bottom functional point's pose\n        block_pose = self.block.get_functional_point(0, \"pose\")\n        block_position = block_pose.p  # Extract the position [x, y, z]\n\n        # Decide which arm to use\n        if block_position[0] > 0:\n            arm_tag = ArmTag(\"right\")\n        else:\n            arm_tag = ArmTag(\"left\")\n\n        # Step 2: Grasp the hammer with the selected arm\n        self.move(\n            self.grasp_actor(\n                actor=self.hammer,\n                arm_tag=arm_tag,\n                pre_grasp_dis=0.1,\n                grasp_dis=0\n            )\n        )\n\n        # Step 3: Place the hammer on the block's functional point (id=1, top of the block)\n        # Get the block's top functional point's pose\n        target_pose = self.block.get_functional_point(1, \"pose\")\n\n        # Place the hammer on the block's top functional point\n        self.move(\n            self.place_actor(\n                actor=self.hammer,\n                arm_tag=arm_tag,\n                target_pose=target_pose,\n                functional_point_id=1,\n                pre_dis=0.1,\n                dis=0.02,\n                is_open=False,\n                pre_dis_axis=\"fp\",\n                constrain=\"free\"\n            )\n        )\n",
      "run_records": [
        "Error: 'Actor' object has no attribute 'pose'",
        "Error: 'Actor' object has no attribute 'pose'",
        "Error: 'Actor' object has no attribute 'pose'",
        "Error: 'Actor' object has no attribute 'pose'",
        "Error: 'Actor' object has no attribute 'pose'",
        "Error: 'Actor' object has no attribute 'pose'",
        "Error: 'Actor' object has no attribute 'pose'",
        "Error: 'Actor' object has no attribute 'pose'",
        "Error: 'Actor' object has no attribute 'pose'",
        "Error: 'Actor' object has no attribute 'pose'"
      ]
    },
    {
      "attempt_id": 10,
      "success_rate": 0.0,
      "error_message": "Traceback (most recent call last):\n  File \"/home/wab/project/RoboTwin/code_gen/test_gen_code.py\", line 250, in run\n    TASK_ENV.play_once()\n  File \"/home/wab/project/RoboTwin/envs_gen/gpt_beat_block_hammer.py\", line 10, in play_once\n    block_pose = self.block.get_functional_point(0, 'pose')  # Get the Pose object\nAttributeError: 'Actor' object has no attribute 'pose'\n",
      "error_count": 10,
      "code": "\nfrom envs._base_task import Base_Task\nfrom envs.beat_block_hammer import beat_block_hammer\nfrom envs.utils import *\nimport sapien\n\nclass gpt_beat_block_hammer(beat_block_hammer):\n    def play_once(self):\n        # Step 1: Get the block's position using its bottom functional point\n        block_pose = self.block.get_functional_point(0, 'pose')  # Get the Pose object\n        block_position = block_pose.p  # Extract the [x, y, z] position\n\n        # Step 2: Determine which arm to use based on the block's x-coordinate\n        if block_position[0] > 0:\n            arm_tag = ArmTag(\"right\")\n        else:\n            arm_tag = ArmTag(\"left\")\n\n        # Step 3: Grasp the hammer with the selected arm\n        self.move(\n            self.grasp_actor(\n                actor=self.hammer,\n                arm_tag=arm_tag\n            )\n        )\n\n        # Step 4: Place the hammer on the block's top functional point (id=1)\n        target_pose = self.block.get_functional_point(1, 'pose')  # Get the target pose\n        self.move(\n            self.place_actor(\n                actor=self.hammer,\n                arm_tag=arm_tag,\n                target_pose=target_pose,\n                functional_point_id=1,\n                pre_dis=0.1,\n                dis=0.02,\n                is_open=False,  # Keep the gripper closed\n                constrain=\"free\",  # Use free alignment\n                pre_dis_axis=\"fp\"  # Use functional point direction for pre-displacement\n            )\n        )\n",
      "run_records": [
        "Error: 'Actor' object has no attribute 'pose'",
        "Error: 'Actor' object has no attribute 'pose'",
        "Error: 'Actor' object has no attribute 'pose'",
        "Error: 'Actor' object has no attribute 'pose'",
        "Error: 'Actor' object has no attribute 'pose'",
        "Error: 'Actor' object has no attribute 'pose'",
        "Error: 'Actor' object has no attribute 'pose'",
        "Error: 'Actor' object has no attribute 'pose'",
        "Error: 'Actor' object has no attribute 'pose'",
        "Error: 'Actor' object has no attribute 'pose'"
      ]
    }
  ]
}