{
  "task_name": "place_shoe",
  "task_description": "Pick up the shoe and place it on the target block. And the head of the shoe should be towards the left side.                        The shoe is randomly placed on the table, if the shoe's x coordinate (dim 0) is greater than 0, use right arm to grasp the shoe,                         else use the left arm grasp the shoe.\nFailed to generate code, error message: Traceback (most recent call last):\n  File \"/home/wab/project/RoboTwin/code_gen/test_gen_code.py\", line 250, in run\n    TASK_ENV.play_once()\n  File \"/home/wab/project/RoboTwin/envs_gen/gpt_place_shoe.py\", line 14, in play_once\n    move_by_displacement_z = 0.07\nAttributeError: 'gpt_place_shoe' object has no attribute 'target_block'\n, error count: 10\nThe error may be caused by: \n1. pre_dis_axis is not set correctly in the place_actor function; \n2. the functional point is not set correctly in the place_actor function; \n3. The pre_dis or dis is not set correctly in the place_actor function;\n4. The constrain is not set correctly in the place_actor function, free or align is not constantly fixed, if the code did not have above error, please try to set the constrain to another value.\n5. The code didn't take into account the note given in the example function.\nThe task can be accomplished only through the existing API and example function, please do not use any other API that is not listed in the available API list and examples.\n",
  "best_success_rate": 0,
  "success_rates": [
    0.0,
    0.0,
    0.0,
    0.0,
    0.0,
    0.0,
    0.0,
    0.0,
    0.0,
    0.0
  ],
  "best_code": null,
  "best_run_records": null,
  "all_attempts": [
    {
      "attempt_id": 1,
      "success_rate": 0.0,
      "error_message": "Traceback (most recent call last):\n  File \"/home/wab/project/RoboTwin/code_gen/test_gen_code.py\", line 250, in run\n    TASK_ENV.play_once()\n  File \"/home/wab/project/RoboTwin/envs_gen/gpt_place_shoe.py\", line 14, in play_once\n    target=self.target_block\nAttributeError: 'gpt_place_shoe' object has no attribute 'target_block'\n",
      "error_count": 10,
      "code": "\nfrom envs._base_task import Base_Task\nfrom envs.place_shoe import place_shoe\nfrom envs.utils import *\nimport sapien\n\nclass gpt_place_shoe(place_shoe):\n    def play_once(self):\n        PLACEHOLDER= None\n        tgt_object=self.shoe\n        pre_grasp_dis=0.1\n        contract_point_id_grasp=0\n        move_by_displacement_z=0.07\n        target=self.target_block\n        target_func_point_id=0\n        functional_point_id=0\n        place_pre_dis=0.1\n        place_dis=0.02\n\n        # don't change any code below this line,only need to change PLACEHOLDER above\n                        \n        object_pose = tgt_object.get_pose().p\n        target_pose = target.get_functional_point(target_func_point_id)\n        # Select arm based on object's x position (right if positive, left if negative)\n        self.arm_tag = ArmTag(\"right\" if object_pose[0] > 0 else \"left\")\n\n        # Grasp the object using selected arm with specific contact point\n        self.move(\n            self.grasp_actor(\n                tgt_object,\n                arm_tag=self.arm_tag,\n                contact_point_id=contract_point_id_grasp,\n                pre_grasp_dis=pre_grasp_dis,\n                grasp_dis=grasp_dis,\n            ))\n        # Lift the object up along z-axis\n        self.move(self.move_by_displacement(self.arm_tag, z=move_by_displacement_z, move_axis=\"arm\"))\n\n        # Place the object onto the functional point\n        self.move(\n            self.place_actor(\n                tgt_object,\n                target_pose=target_pose,\n                arm_tag=self.arm_tag,\n                pre_dis=place_pre_dis,\n                dis=place_dis,\n                functional_point_id=functional_point_id,\n                constrain=\"align\",\n            ))\n        # Move the arm up by 0.1m after placing\n        self.move(self.move_by_displacement(self.arm_tag, z=0.1, move_axis=\"arm\"))\n",
      "run_records": [
        "Error: 'gpt_place_shoe' object has no attribute 'target_block'",
        "Error: 'gpt_place_shoe' object has no attribute 'target_block'",
        "Error: 'gpt_place_shoe' object has no attribute 'target_block'",
        "Error: 'gpt_place_shoe' object has no attribute 'target_block'",
        "Error: 'gpt_place_shoe' object has no attribute 'target_block'",
        "Error: 'gpt_place_shoe' object has no attribute 'target_block'",
        "Error: 'gpt_place_shoe' object has no attribute 'target_block'",
        "Error: 'gpt_place_shoe' object has no attribute 'target_block'",
        "Error: 'gpt_place_shoe' object has no attribute 'target_block'",
        "Error: 'gpt_place_shoe' object has no attribute 'target_block'"
      ]
    },
    {
      "attempt_id": 2,
      "success_rate": 0.0,
      "error_message": "Traceback (most recent call last):\n  File \"/home/wab/project/RoboTwin/code_gen/test_gen_code.py\", line 250, in run\n    TASK_ENV.play_once()\n  File \"/home/wab/project/RoboTwin/envs_gen/gpt_place_shoe.py\", line 14, in play_once\nAttributeError: 'gpt_place_shoe' object has no attribute 'target_block'\n",
      "error_count": 10,
      "code": "\nfrom envs._base_task import Base_Task\nfrom envs.place_shoe import place_shoe\nfrom envs.utils import *\nimport sapien\n\nclass gpt_place_shoe(place_shoe):\n    def play_once(self):\n    PLACEHOLDER= None\n    tgt_object=PLACEHOLDER\n    ...\n\nThis is incorrect. The code is using the same PLACEHOLDER variable for multiple parameters. Instead, each parameter should be initialized properly. For example:\n\ntgt_object = self.actor_list['self.shoe']\ntarget = self.actor_list['self.target_block']\npre_grasp_dis = 0.1\ngrasp_dis = 0\ncontract_point_id_grasp = [0, 1]\nmove_by_displacement_z = 0.07\ntarget_func_point_id = 0\nfunctional_point_id = 0\nplace_pre_dis = 0.1\nplace_dis = 0.02\n\nThen, the line that calls place_actor would use these variables.\n\nBut in the current code, the variables are all set to PLACEHOLDER, which is None. That's why when target is assigned to self.target_block, which doesn't exist, it throws an error.\n\nSo the main correction is to properly initialize all the variables in the play_once method, fetching the actors from the actor_list and setting the correct parameters.\n\nSo the corrected code would be:\n\nclass gpt_place_object_stand(place_object_stand):\n    def play_once(self):\n        tgt_object = self.actor_list['self.shoe']\n        target = self.actor_list['self.target_block']\n        pre_grasp_dis = 0.1\n        grasp_dis = 0\n        contract_point_id_grasp = [0, 1]\n        move_by_displacement_z = 0.07\n        target_func_point_id = 0\n        functional_point_id = 0\n        place_pre_dis = 0.1\n        place_dis = 0.02\n\n        # Grasp the object using selected arm with specific contact point\n        self.arm_tag = ArmTag(\"right\" if tgt_object.get_pose().p[0] > 0 else \"left\")\n        self.move(\n            self.grasp_actor(\n                tgt_object,\n                arm_tag=self.arm_tag,\n                contact_point_id=contract_point_id_grasp,\n                pre_grasp_dis=pre_grasp_dis,\n                grasp_dis=grasp_dis,\n            ))\n        # Lift the object up along z-axis\n        self.move(self.move_by_displacement(self.arm_tag, z=move_by_displacement_z, move_axis=\"arm\"))\n\n        # Place the object onto the functional point\n        self.move(\n            self.place_actor(\n                tgt_object,\n                arm_tag=self.arm_tag,\n                target_pose=target.get_functional_point(target_func_point_id),\n                pre_dis=place_pre_dis,\n                dis=place_dis,\n                functional_point_id=functional_point_id,\n                constrain='align'  # Added constrain to ensure alignment as per task requirement\n            ))\n        # Move the arm up by 0.1m after placing\n        self.move(self.move_by_displacement(self.arm_tag, z=0.1, move_axis=\"arm\")) [unused17] ```python\nclass gpt_place_object_stand(place_object_stand):\n    def play_once(self):\n        tgt_object = self.actor_list['self.shoe']\n        target = self.actor_list['self.target_block']\n        pre_grasp_dis = 0.1\n        grasp_dis = 0\n        contract_point_id_grasp = [0, 1]\n        move_by_displacement_z = 0.07\n        target_func_point_id = 0\n        functional_point_id = 0\n        place_pre_dis = 0.1\n        place_dis = 0.02\n\n        self.arm_tag = ArmTag(\"right\" if tgt_object.get_pose().p[0] > 0 else \"left\")\n        self.move(\n            self.grasp_actor(\n                tgt_object,\n                arm_tag=self.arm_tag,\n                contact_point_id=contract_point_id_grasp,\n                pre_grasp_dis=pre_grasp_dis,\n                grasp_dis=grasp_dis,\n            )\n        )\n        self.move(self.move_by_displacement(self.arm_tag, z=move_by_displacement_z, move_axis=\"arm\"))\n        \n        target_pose = target.get_functional_point(target_func_point_id)\n        self.move(\n            self.place_actor(\n                tgt_object,\n                arm_tag=self.arm_tag,\n                target_pose=target_pose,\n                pre_dis=place_pre_dis,\n                dis=place_dis,\n                functional_point_id=functional_point_id,\n                constrain='align'\n            )\n        )\n        self.move(self.move_by_displacement(self.arm_tag, z=0.1, move_axis=\"arm\"))\n",
      "run_records": [
        "Error: 'gpt_place_shoe' object has no attribute 'target_block'",
        "Error: 'gpt_place_shoe' object has no attribute 'target_block'",
        "Error: 'gpt_place_shoe' object has no attribute 'target_block'",
        "Error: 'gpt_place_shoe' object has no attribute 'target_block'",
        "Error: 'gpt_place_shoe' object has no attribute 'target_block'",
        "Error: 'gpt_place_shoe' object has no attribute 'target_block'",
        "Error: 'gpt_place_shoe' object has no attribute 'target_block'",
        "Error: 'gpt_place_shoe' object has no attribute 'target_block'",
        "Error: 'gpt_place_shoe' object has no attribute 'target_block'",
        "Error: 'gpt_place_shoe' object has no attribute 'target_block'"
      ]
    },
    {
      "attempt_id": 3,
      "success_rate": 0.0,
      "error_message": "Traceback (most recent call last):\n  File \"/home/wab/project/RoboTwin/code_gen/test_gen_code.py\", line 250, in run\n    TASK_ENV.play_once()\n  File \"/home/wab/project/RoboTwin/envs_gen/gpt_place_shoe.py\", line 14, in play_once\n    target_func_point_id = 1  # Use top functional point of the target block\nAttributeError: 'gpt_place_shoe' object has no attribute 'target_block'\n",
      "error_count": 10,
      "code": "\nfrom envs._base_task import Base_Task\nfrom envs.place_shoe import place_shoe\nfrom envs.utils import *\nimport sapien\n\nclass gpt_place_shoe(place_shoe):\n    def play_once(self):\n        # Retrieve actors from the actor_list\n        PLACEHOLDER = None\n        tgt_object = self.actor_list['self.shoe']  # Correctly access the shoe actor\n        target = self.actor_list['self.target_block']  # Correctly access the target block actor\n        move_by_displacement_z = 0.07  # Lift displacement\n        target_func_point_id = 1  # Use top functional point of the target block\n        functional_point_id = 0  # Use bottom functional point of the shoe\n        place_pre_dis = 0.1  # Pre-placement displacement\n        place_dis = 0.02  # Final placement displacement\n\n        # Get the shoe's position to choose the arm\n        object_pose = tgt_object.get_pose().p\n        self.arm_tag = ArmTag(\"right\" if object_pose[0] > 0 else \"left\")\n\n        # Grasp the shoe using its contact points\n        self.move(\n            self.grasp_actor(\n                actor=tgt_object,\n                arm_tag=self.arm_tag,\n                contact_point_id=[0, 1],  # Use shoe's contact points\n                pre_grasp_dis=0.1,\n                grasp_dis=0,\n            )\n        )\n\n        # Lift the shoe\n        self.move(\n            self.move_by_displacement(\n                arm_tag=self.arm_tag,\n                z=move_by_displacement_z,\n                move_axis=\"arm\"\n            )\n        )\n\n        # Place the shoe on the target block's top functional point\n        self.move(\n            self.place_actor(\n                actor=tgt_object,\n                arm_tag=self.arm_tag,\n                target_pose=target.get_functional_point(target_func_point_id),\n                functional_point_id=functional_point_id,\n                pre_dis=place_pre_dis,\n                dis=place_dis,\n                constrain=\"align\",  # Ensure full alignment\n                pre_dis_axis=\"fp\"\n            )\n        )\n\n        # Clean up the arm position\n        self.move(\n            self.move_by_displacement(\n                arm_tag=self.arm_tag,\n                z=0.07,\n                move_axis=\"world\"\n            )\n        )\n",
      "run_records": [
        "Error: 'gpt_place_shoe' object has no attribute 'target_block'",
        "Error: 'gpt_place_shoe' object has no attribute 'target_block'",
        "Error: 'gpt_place_shoe' object has no attribute 'target_block'",
        "Error: 'gpt_place_shoe' object has no attribute 'target_block'",
        "Error: 'gpt_place_shoe' object has no attribute 'target_block'",
        "Error: 'gpt_place_shoe' object has no attribute 'target_block'",
        "Error: 'gpt_place_shoe' object has no attribute 'target_block'",
        "Error: 'gpt_place_shoe' object has no attribute 'target_block'",
        "Error: 'gpt_place_shoe' object has no attribute 'target_block'",
        "Error: 'gpt_place_shoe' object has no attribute 'target_block'"
      ]
    },
    {
      "attempt_id": 4,
      "success_rate": 0.0,
      "error_message": "Traceback (most recent call last):\n  File \"/home/wab/project/RoboTwin/code_gen/test_gen_code.py\", line 250, in run\n    TASK_ENV.play_once()\n  File \"/home/wab/project/RoboTwin/envs_gen/gpt_place_shoe.py\", line 14, in play_once\n    target= self.target_block  # Access target_block from actor_list\nAttributeError: 'gpt_place_shoe' object has no attribute 'target_block'\n",
      "error_count": 10,
      "code": "\nfrom envs._base_task import Base_Task\nfrom envs.place_shoe import place_shoe\nfrom envs.utils import *\nimport sapien\n\nclass gpt_place_shoe(place_shoe):\n    def play_once(self):\n        PLACEHOLDER= self.shoe  # The shoe actor from actor_list\n        pre_grasp_dis= 0.1\n        grasp_dis= 0\n        contract_point_id_grasp= [0, 1]  # Use shoe's contact points 0 and 1\n        move_by_displacement_z= 0.07  # Lift height\n        target= self.target_block  # Access target_block from actor_list\n        target_func_point_id= 1  # Use top functional point of target block\n        functional_point_id= 0  # Use shoe's bottom functional point\n        place_pre_dis= 0.1\n        place_dis= 0.02\n        pre_dis_axis= 'fp'  # Use functional point direction for pre-displacement\n\n        # don't change any code below this line,only need to change PLACEHOLDER above\n        \n        object_pose = tgt_object.get_pose().p\n        target_pose = target.get_functional_point(target_func_point_id)\n        # Select arm based on object's x position (right if positive, left if negative)\n        self.arm_tag = ArmTag(\"right\" if object_pose[0] > 0 else \"left\")\n\n        # Grasp the object using selected arm with specific contact point\n        self.move(\n            self.grasp_actor(\n                tgt_object,\n                arm_tag=self.arm_tag,\n                contact_point_id=contract_point_id_grasp,\n                pre_grasp_dis=pre_grasp_dis,\n                grasp_dis=grasp_dis,\n            ))\n        # Lift the object up along z-axis\n        self.move(self.move_by_displacement(self.arm_tag, z=move_by_displacement_z, move_axis=\"arm\"))\n\n        # Place the object onto the functional point\n        self.move(\n            self.place_actor(\n                tgt_object,\n                arm_tag=self.arm_tag,\n                target_pose=target_pose,\n                pre_dis=place_pre_dis,\n                dis=place_dis,\n                functional_point_id=functional_point_id,\n                constrain='align',  # Force full alignment with target\n                pre_dis_axis=pre_dis_axis,  # Use functional point direction\n            ))\n        # Move the arm up by 0.1m after placing\n        self.move(self.move_by_displacement(self.arm_tag, z=0.1, move_axis=\"arm\"))\n",
      "run_records": [
        "Error: 'gpt_place_shoe' object has no attribute 'target_block'",
        "Error: 'gpt_place_shoe' object has no attribute 'target_block'",
        "Error: 'gpt_place_shoe' object has no attribute 'target_block'",
        "Error: 'gpt_place_shoe' object has no attribute 'target_block'",
        "Error: 'gpt_place_shoe' object has no attribute 'target_block'",
        "Error: 'gpt_place_shoe' object has no attribute 'target_block'",
        "Error: 'gpt_place_shoe' object has no attribute 'target_block'",
        "Error: 'gpt_place_shoe' object has no attribute 'target_block'",
        "Error: 'gpt_place_shoe' object has no attribute 'target_block'",
        "Error: 'gpt_place_shoe' object has no attribute 'target_block'"
      ]
    },
    {
      "attempt_id": 5,
      "success_rate": 0.0,
      "error_message": "Traceback (most recent call last):\n  File \"/home/wab/project/RoboTwin/code_gen/test_gen_code.py\", line 250, in run\n    TASK_ENV.play_once()\n  File \"/home/wab/project/RoboTwin/envs_gen/gpt_place_shoe.py\", line 14, in play_once\n    move_by_displacement_z=0.07  # Lift height\nAttributeError: 'gpt_place_shoe' object has no attribute 'target_block'\n",
      "error_count": 10,
      "code": "\nfrom envs._base_task import Base_Task\nfrom envs.place_shoe import place_shoe\nfrom envs.utils import *\nimport sapien\n\nclass gpt_place_shoe(place_shoe):\n    def play_once(self):\n        PLACEHOLDER= self.shoe  # Use the shoe actor from the actor_list\n        tgt_object=PLACEHOLDER\n        pre_grasp_dis=0.1\n        grasp_dis=0\n        contract_point_id_grasp= [0, 1]  # Use shoe's contact points\n        move_by_displacement_z=0.07  # Lift height\n        target= self.actor_list['self.target_block']  # Access target_block from actor_list\n        target_func_point_id=1  # Use top functional point of the target block\n        functional_point_id=0  # Use shoe's functional point\n        place_pre_dis=0.1\n        place_dis=0.02\n\n        # Get shoe's position to determine arm\n        object_pose = tgt_object.get_pose().p\n        \n        # Select arm based on shoe's x position\n        self.arm_tag = ArmTag(\"right\" if object_pose[0] > 0 else \"left\")\n\n        # Grasp shoe using contact points\n        self.move(\n            self.grasp_actor(\n                tgt_object,\n                arm_tag=self.arm_tag,\n                contact_point_id=contract_point_id_grasp,\n                pre_grasp_dis=pre_grasp_dis,\n                grasp_dis=grasp_dis,\n            ))\n        \n        # Lift the shoe\n        self.move(self.move_by_displacement(self.arm_tag, z=move_by_displacement_z, move_axis=\"arm\"))\n        \n        # Place shoe on target block's top functional point\n        self.move(\n            self.place_actor(\n                tgt_object,\n                arm_tag=self.arm_tag,\n                target_pose=target.get_functional_point(target_func_point_id),\n                functional_point_id=functional_point_id,\n                pre_dis=place_pre_dis,\n                dis=place_dis,\n                constrain=\"free\",  # Ensure placement doesn't align all axes\n                pre_dis_axis=\"fp\",\n            ))\n        \n        # Clear arm position after placing\n        self.move(self.back_to_origin(arm_tag=self.arm_tag))\n",
      "run_records": [
        "Error: 'gpt_place_shoe' object has no attribute 'target_block'",
        "Error: 'gpt_place_shoe' object has no attribute 'target_block'",
        "Error: 'gpt_place_shoe' object has no attribute 'target_block'",
        "Error: 'gpt_place_shoe' object has no attribute 'target_block'",
        "Error: 'gpt_place_shoe' object has no attribute 'target_block'",
        "Error: 'gpt_place_shoe' object has no attribute 'target_block'",
        "Error: 'gpt_place_shoe' object has no attribute 'target_block'",
        "Error: 'gpt_place_shoe' object has no attribute 'target_block'",
        "Error: 'gpt_place_shoe' object has no attribute 'target_block'",
        "Error: 'gpt_place_shoe' object has no attribute 'target_block'"
      ]
    },
    {
      "attempt_id": 6,
      "success_rate": 0.0,
      "error_message": "Traceback (most recent call last):\n  File \"/home/wab/project/RoboTwin/code_gen/test_gen_code.py\", line 250, in run\n    TASK_ENV.play_once()\n  File \"/home/wab/project/RoboTwin/envs_gen/gpt_place_shoe.py\", line 14, in play_once\n    grasp_dis= 0  # Grasping distance\nAttributeError: 'gpt_place_shoe' object has no attribute 'target_block'\n",
      "error_count": 10,
      "code": "\nfrom envs._base_task import Base_Task\nfrom envs.place_shoe import place_shoe\nfrom envs.utils import *\nimport sapien\n\nclass gpt_place_shoe(place_shoe):\n    def play_once(self):\n        PLACEHOLDER= None\n        # object to pick and place, you need change PLACEHOLDER to the actual object variable in the task\n        tgt_object= self.actor_list[\"self.shoe\"]  # Get shoe from actor_list\n        target= self.actor_list[\"self.target_block\"]  # Get target_block from actor_list\n        pre_grasp_dis= 0.1  # Pre-grasp distance\n        grasp_dis= 0  # Grasping distance\n        contract_point_id_grasp= [0, 1]  # Use shoe's contact points\n        move_by_displacement_z= 0.07  # Lift height\n        target_func_point_id= 1  # Use top functional point of target block\n        functional_point_id= 0  # Use shoe's functional point\n        place_pre_dis= 0.1  # Pre-place distance\n        place_dis= 0.02  # Final placement distance\n\n        # don't change any code below this line,only need to change PLACEHOLDER above\n        \n        object_pose = tgt_object.get_pose().p\n        target_pose = target.get_functional_point(target_func_point_id)\n        # Select arm based on object's x position (right if positive, left if negative)\n        self.arm_tag = ArmTag(\"right\" if object_pose[0] > 0 else \"left\")\n\n        # Grasp the object using selected arm with specific contact point\n        self.move(\n            self.grasp_actor(\n                tgt_object,\n                arm_tag=self.arm_tag,\n                contact_point_id=contract_point_id_grasp,\n                pre_grasp_dis=pre_grasp_dis,\n                grasp_dis=grasp_dis,\n            ))\n        # Lift the object up along z-axis\n        self.move(self.move_by_displacement(self.arm_tag, z=move_by_displacement_z, move_axis=\"arm\"))\n\n        # Place the object onto the functional point\n        self.move(\n            self.place_actor(\n                tgt_object,\n                target_pose=target_pose,\n                arm_tag=self.arm_tag,\n                pre_dis=place_pre_dis,\n                dis=place_dis,\n                functional_point_id=functional_point_id,\n                constrain=\"align\",  # Align all axes for precise placement\n            ))\n        # Move the arm up by 0.1m after placing\n        self.move(self.move_by_displacement(self.arm_tag, z=0.1, move_axis=\"arm\"))\n",
      "run_records": [
        "Error: 'gpt_place_shoe' object has no attribute 'target_block'",
        "Error: 'gpt_place_shoe' object has no attribute 'target_block'",
        "Error: 'gpt_place_shoe' object has no attribute 'target_block'",
        "Error: 'gpt_place_shoe' object has no attribute 'target_block'",
        "Error: 'gpt_place_shoe' object has no attribute 'target_block'",
        "Error: 'gpt_place_shoe' object has no attribute 'target_block'",
        "Error: 'gpt_place_shoe' object has no attribute 'target_block'",
        "Error: 'gpt_place_shoe' object has no attribute 'target_block'",
        "Error: 'gpt_place_shoe' object has no attribute 'target_block'",
        "Error: 'gpt_place_shoe' object has no attribute 'target_block'"
      ]
    },
    {
      "attempt_id": 7,
      "success_rate": 0.0,
      "error_message": "Traceback (most recent call last):\n  File \"/home/wab/project/RoboTwin/code_gen/test_gen_code.py\", line 250, in run\n    TASK_ENV.play_once()\n  File \"/home/wab/project/RoboTwin/envs_gen/gpt_place_shoe.py\", line 14, in play_once\n    target_func_point_id= 0  # Use bottom functional point of target block\nAttributeError: 'gpt_place_shoe' object has no attribute 'target_block'\n",
      "error_count": 10,
      "code": "\nfrom envs._base_task import Base_Task\nfrom envs.place_shoe import place_shoe\nfrom envs.utils import *\nimport sapien\n\nclass gpt_place_shoe(place_shoe):\n    def play_once(self):\n        PLACEHOLDER= 'self.shoe'  # Reference the shoe actor\n        grasp_dis= 0  # Grasping distance\n        contract_point_id_grasp= [0, 1]  # Use center of shoe contact points\n        move_by_displacement_z= 0.07  # Lift height\n        target= 'self.target_block'  # Reference the target block actor\n        target_func_point_id= 0  # Use bottom functional point of target block\n        functional_point_id= 0  # Use bottom functional point of shoe\n        \n        place_pre_dis= 0.1  # Pre-placement displacement\n        place_dis= 0.02  # Final placement displacement\n\n        # Get shoe's pose and select arm based on x-coordinate\n        object_pose = tgt_object.get_pose().p\n        self.arm_tag = ArmTag(\"right\" if object_pose[0] > 0 else \"left\")\n\n        # Grasp the shoe using selected arm\n        self.move(\n            self.grasp_actor(\n                actor=tgt_object,\n                arm_tag=self.arm_tag,\n                contact_point_id=contract_point_id_grasp,\n                pre_grasp_dis=0.1,\n                grasp_dis=grasp_dis,\n            ))\n        \n        # Lift the shoe\n        self.move(self.move_by_displacement(self.arm_tag, z=move_by_displacement_z, move_axis=\"arm\"))\n\n        # Get target block's bottom functional point pose\n        target_pose = target.get_functional_point(target_func_point_id)\n        \n        # Place the shoe on the target block\n        self.move(\n            self.place_actor(\n                actor=tgt_object,\n                arm_tag=self.arm_tag,\n                target_pose=target_pose,\n                pre_dis=place_pre_dis,\n                dis=place_dis,\n                functional_point_id=functional_point_id,\n                constrain=\"free\",\n                pre_dis_axis=\"fp\",\n            ))\n        \n        # Move arm up after placing\n        self.move(self.move_by_displacement(self.arm_tag, z=0.1, move_axis=\"arm\"))\n",
      "run_records": [
        "Error: 'gpt_place_shoe' object has no attribute 'target_block'",
        "Error: 'gpt_place_shoe' object has no attribute 'target_block'",
        "Error: 'gpt_place_shoe' object has no attribute 'target_block'",
        "Error: 'gpt_place_shoe' object has no attribute 'target_block'",
        "Error: 'gpt_place_shoe' object has no attribute 'target_block'",
        "Error: 'gpt_place_shoe' object has no attribute 'target_block'",
        "Error: 'gpt_place_shoe' object has no attribute 'target_block'",
        "Error: 'gpt_place_shoe' object has no attribute 'target_block'",
        "Error: 'gpt_place_shoe' object has no attribute 'target_block'",
        "Error: 'gpt_place_shoe' object has no attribute 'target_block'"
      ]
    },
    {
      "attempt_id": 8,
      "success_rate": 0.0,
      "error_message": "Traceback (most recent call last):\n  File \"/home/wab/project/RoboTwin/code_gen/test_gen_code.py\", line 250, in run\n    TASK_ENV.play_once()\n  File \"/home/wab/project/RoboTwin/envs_gen/gpt_place_shoe.py\", line 14, in play_once\nAttributeError: 'gpt_place_shoe' object has no attribute 'target_block'\n",
      "error_count": 10,
      "code": "\nfrom envs._base_task import Base_Task\nfrom envs.place_shoe import place_shoe\nfrom envs.utils import *\nimport sapien\n\nclass gpt_place_shoe(place_shoe):\n    def play_once(self):\n        PLACEHOLDER= None\n        tgt_object=PLACEHOLDER\n        target= self.actor_list['self.target_block']  # Access target_block from actor_list\n        target_func_point_id= 0  # Use bottom functional point of target block for placement\n        # Don't change any code below this line,only need to change PLACEHOLDER above\n                        \n        object_pose = tgt_object.get_pose().p\n        self.arm_tag = ArmTag(\"right\" if object_pose[0] > 0 else \"left\")\n        self.contract_point_id_grasp = [0, 1]  # Use shoe's contact points for grasping\n        move_by_displacement_z=0.07  # Lift height after grasping\n        target_pose = target.get_functional_point(target_func_point_id)\n        pre_dis_axis=\"fp\"  # Use functional point direction for pre-displacement\n        \n        # Grasp the shoe using selected arm\n        self.move(\n            self.grasp_actor(\n                tgt_object,\n                arm_tag=self.arm_tag,\n                contact_point_id=self.contract_point_id_grasp,\n                pre_grasp_dis=0.1,\n                grasp_dis=0,\n            ))\n        # Lift the shoe slightly after grasping\n        self.move(self.move_by_displacement(self.arm_tag, z=move_by_displacement_z, move_axis=\"arm\"))\n        \n        # Place the shoe on the target block's bottom functional point\n        self.move(\n            self.place_actor(\n                tgt_object,\n                arm_tag=self.arm_tag,\n                target_pose=target_pose,\n                functional_point_id=target_func_point_id,\n                pre_dis=0.1,\n                dis=0.02,\n                pre_dis_axis=pre_dis_axis,\n                constrain=\"free\"\n            ))\n        # Return arm to origin after placing\n        self.move(self.back_to_origin(arm_tag=self.arm_tag))\n",
      "run_records": [
        "Error: 'gpt_place_shoe' object has no attribute 'target_block'",
        "Error: 'gpt_place_shoe' object has no attribute 'target_block'",
        "Error: 'gpt_place_shoe' object has no attribute 'target_block'",
        "Error: 'gpt_place_shoe' object has no attribute 'target_block'",
        "Error: 'gpt_place_shoe' object has no attribute 'target_block'",
        "Error: 'gpt_place_shoe' object has no attribute 'target_block'",
        "Error: 'gpt_place_shoe' object has no attribute 'target_block'",
        "Error: 'gpt_place_shoe' object has no attribute 'target_block'",
        "Error: 'gpt_place_shoe' object has no attribute 'target_block'",
        "Error: 'gpt_place_shoe' object has no attribute 'target_block'"
      ]
    },
    {
      "attempt_id": 9,
      "success_rate": 0.0,
      "error_message": "Traceback (most recent call last):\n  File \"/home/wab/project/RoboTwin/code_gen/test_gen_code.py\", line 250, in run\n    TASK_ENV.play_once()\n  File \"/home/wab/project/RoboTwin/envs_gen/gpt_place_shoe.py\", line 14, in play_once\n    move_by_displacement_z = 0.07\nAttributeError: 'gpt_place_shoe' object has no attribute 'target_block'\n",
      "error_count": 10,
      "code": "\nfrom envs._base_task import Base_Task\nfrom envs.place_shoe import place_shoe\nfrom envs.utils import *\nimport sapien\n\nclass gpt_place_shoe(place_shoe):\n    def play_once(self):\n        PLACEHOLDER= self.shoe\n        object_pose = PLACEHOLDER.get_pose().p\n        target_pose = self.target_block.get_functional_point(0)\n        self.arm_tag = ArmTag(\"right\" if object_pose[0] > 0 else \"left\")\n        contract_point_id_grasp = [0, 1]\n        move_by_displacement_z = 0.07\n        target_func_point_id = 1\n        functional_point_id = 0\n        place_pre_dis = 0.1\n        place_dis = 0.02\n\n        self.move(\n            self.grasp_actor(\n                PLACEHOLDER,\n                arm_tag=self.arm_tag,\n                contact_point_id=contract_point_id_grasp,\n                pre_grasp_dis=0.1,\n                grasp_dis=0,\n            )\n        )\n        self.move(self.move_by_displacement(arm_tag=self.arm_tag, z=move_by_displacement_z, move_axis=\"arm\"))\n        \n        self.move(\n            self.place_actor(\n                PLACEHOLDER,\n                arm_tag=self.arm_tag,\n                target_pose=target_pose,\n                pre_dis=place_pre_dis,\n                dis=place_dis,\n                functional_point_id=functional_point_id,\n                constrain=\"align\",\n                pre_dis_axis=\"fp\"\n            )\n        )\n        self.move(self.move_by_displacement(arm_tag=self.arm_tag, z=0.1, move_axis=\"arm\"))\n",
      "run_records": [
        "Error: 'gpt_place_shoe' object has no attribute 'target_block'",
        "Error: 'gpt_place_shoe' object has no attribute 'target_block'",
        "Error: 'gpt_place_shoe' object has no attribute 'target_block'",
        "Error: 'gpt_place_shoe' object has no attribute 'target_block'",
        "Error: 'gpt_place_shoe' object has no attribute 'target_block'",
        "Error: 'gpt_place_shoe' object has no attribute 'target_block'",
        "Error: 'gpt_place_shoe' object has no attribute 'target_block'",
        "Error: 'gpt_place_shoe' object has no attribute 'target_block'",
        "Error: 'gpt_place_shoe' object has no attribute 'target_block'",
        "Error: 'gpt_place_shoe' object has no attribute 'target_block'"
      ]
    },
    {
      "attempt_id": 10,
      "success_rate": 0.0,
      "error_message": "Traceback (most recent call last):\n  File \"/home/wab/project/RoboTwin/code_gen/test_gen_code.py\", line 250, in run\n    TASK_ENV.play_once()\n  File \"/home/wab/project/RoboTwin/envs_gen/gpt_place_shoe.py\", line 14, in play_once\n    move_by_displacement_z = 0.07\nAttributeError: 'gpt_place_shoe' object has no attribute 'target_block'\n",
      "error_count": 10,
      "code": "\nfrom envs._base_task import Base_Task\nfrom envs.place_shoe import place_shoe\nfrom envs.utils import *\nimport sapien\n\nclass gpt_place_shoe(place_shoe):\n    def play_once(self):\n        PLACEHOLDER = None\n        tgt_object = self.actor_list['self.shoe']\n        pre_grasp_dis = 0.1\n        grasp_dis = 0\n        contract_point_id_grasp = 0  # Use first contact point of the shoe\n        move_by_displacement_z = 0.07\n        target = self.actor_list['self.target_block']\n        target_func_point_id = 0  # Use bottom functional point of target block\n        functional_point_id = 0  # Use bottom functional point of shoe\n        place_pre_dis = 0.1\n        place_dis = 0.02\n\n        # don't change any code below this line,only need to change PLACEHOLDER above\n        \n        object_pose = tgt_object.get_pose().p\n        target_pose = target.get_functional_point(target_func_point_id)\n        self.arm_tag = ArmTag(\"right\" if object_pose[0] > 0 else \"left\")\n\n        self.move(\n            self.grasp_actor(\n                tgt_object,\n                arm_tag=self.arm_tag,\n                contact_point_id=contract_point_id_grasp,\n                pre_grasp_dis=pre_grasp_dis,\n                grasp_dis=grasp_dis,\n            ))\n        self.move(self.move_by_displacement(self.arm_tag, z=move_by_displacement_z, move_axis=\"arm\"))\n\n        self.move(\n            self.place_actor(\n                tgt_object,\n                arm_tag=self.arm_tag,\n                target_pose=target_pose,\n                pre_dis=place_pre_dis,\n                dis=place_dis,\n                functional_point_id=functional_point_id,\n                constrain=\"free\",\n            ))\n        self.move(self.move_by_displacement(self.arm_tag, z=0.1, move_axis=\"arm\"))\n",
      "run_records": [
        "Error: 'gpt_place_shoe' object has no attribute 'target_block'",
        "Error: 'gpt_place_shoe' object has no attribute 'target_block'",
        "Error: 'gpt_place_shoe' object has no attribute 'target_block'",
        "Error: 'gpt_place_shoe' object has no attribute 'target_block'",
        "Error: 'gpt_place_shoe' object has no attribute 'target_block'",
        "Error: 'gpt_place_shoe' object has no attribute 'target_block'",
        "Error: 'gpt_place_shoe' object has no attribute 'target_block'",
        "Error: 'gpt_place_shoe' object has no attribute 'target_block'",
        "Error: 'gpt_place_shoe' object has no attribute 'target_block'",
        "Error: 'gpt_place_shoe' object has no attribute 'target_block'"
      ]
    }
  ]
}