{
  "task_name": "place_object_scale",
  "task_description": "Use one arm to grab the object and put it on the scale.                        Grasp the object with the selected arm. Place the object on the scale.                        Note: Don't use functional_point_id and pre_dis_axis='fp', because the object can be any object that is specified in the task.",
  "best_success_rate": 0.8,
  "success_rates": [
    0.8
  ],
  "best_code": "\nfrom envs._base_task import Base_Task\nfrom envs.place_object_scale import place_object_scale\nfrom envs.utils import *\nimport sapien\n\nclass gpt_place_object_scale(place_object_scale):\n    def play_once(self):\n        # Get the object and scale from actor list\n        object = self.object\n        target = self.scale\n        \n        # Set parameters for grasping and placing\n        pre_grasp_dis = 0.1\n        grasp_dis = 0\n        move_by_displacement_z = 0.07\n        target_func_point_id = 0\n        place_pre_dis = 0.1\n        place_dis = 0.02\n\n        # Get object position and target pose\n        object_pose = object.get_pose().p\n        target_pose = target.get_functional_point(target_func_point_id, \"pose\")\n        \n        # Select arm based on object's x position (right if positive, left if negative)\n        self.arm_tag = ArmTag(\"right\" if object_pose[0] > 0 else \"left\")\n\n        # Grasp the object using selected arm\n        self.move(\n            self.grasp_actor(\n                actor=object,\n                arm_tag=self.arm_tag,\n                pre_grasp_dis=pre_grasp_dis,\n                grasp_dis=grasp_dis,\n            ))\n        \n        # Lift the object up along z-axis in world coordinates\n        self.move(self.move_by_displacement(self.arm_tag, z=move_by_displacement_z, move_axis=\"world\"))\n\n        # Place the object onto the scale's functional point\n        self.move(\n            self.place_actor(\n                actor=object,\n                target_pose=target_pose,\n                arm_tag=self.arm_tag,\n                functional_point_id=None,  # Don't use functional_point_id as specified in task note\n                pre_dis=place_pre_dis,\n                dis=place_dis,\n                is_open=True,\n                constrain=\"free\",  # Use free alignment as specified in task note\n                pre_dis_axis='grasp'  # Use grasp direction instead of functional point direction\n            ))\n        \n        # Move the arm up by 0.1m after placing to avoid collision\n        self.move(self.move_by_displacement(self.arm_tag, z=0.1, move_axis=\"world\"))\n",
  "best_run_records": [
    "success!",
    "success!",
    "success!",
    "success!",
    "success!",
    "success!",
    "Plan execution failed",
    "Plan execution failed",
    "success!",
    "success!"
  ],
  "all_attempts": [
    {
      "attempt_id": 1,
      "success_rate": 0.8,
      "error_message": "Plan execution failed",
      "error_count": 2,
      "code": "\nfrom envs._base_task import Base_Task\nfrom envs.place_object_scale import place_object_scale\nfrom envs.utils import *\nimport sapien\n\nclass gpt_place_object_scale(place_object_scale):\n    def play_once(self):\n        # Get the object and scale from actor list\n        object = self.object\n        target = self.scale\n        \n        # Set parameters for grasping and placing\n        pre_grasp_dis = 0.1\n        grasp_dis = 0\n        move_by_displacement_z = 0.07\n        target_func_point_id = 0\n        place_pre_dis = 0.1\n        place_dis = 0.02\n\n        # Get object position and target pose\n        object_pose = object.get_pose().p\n        target_pose = target.get_functional_point(target_func_point_id, \"pose\")\n        \n        # Select arm based on object's x position (right if positive, left if negative)\n        self.arm_tag = ArmTag(\"right\" if object_pose[0] > 0 else \"left\")\n\n        # Grasp the object using selected arm\n        self.move(\n            self.grasp_actor(\n                actor=object,\n                arm_tag=self.arm_tag,\n                pre_grasp_dis=pre_grasp_dis,\n                grasp_dis=grasp_dis,\n            ))\n        \n        # Lift the object up along z-axis in world coordinates\n        self.move(self.move_by_displacement(self.arm_tag, z=move_by_displacement_z, move_axis=\"world\"))\n\n        # Place the object onto the scale's functional point\n        self.move(\n            self.place_actor(\n                actor=object,\n                target_pose=target_pose,\n                arm_tag=self.arm_tag,\n                functional_point_id=None,  # Don't use functional_point_id as specified in task note\n                pre_dis=place_pre_dis,\n                dis=place_dis,\n                is_open=True,\n                constrain=\"free\",  # Use free alignment as specified in task note\n                pre_dis_axis='grasp'  # Use grasp direction instead of functional point direction\n            ))\n        \n        # Move the arm up by 0.1m after placing to avoid collision\n        self.move(self.move_by_displacement(self.arm_tag, z=0.1, move_axis=\"world\"))\n",
      "run_records": [
        "success!",
        "success!",
        "success!",
        "success!",
        "success!",
        "success!",
        "Plan execution failed",
        "Plan execution failed",
        "success!",
        "success!"
      ]
    }
  ]
}