{
  "task_name": "place_shoe",
  "task_description": "Pick up the shoe and place it on the target block. And the head of the shoe should be towards the left side.                        The shoe is randomly placed on the table, if the shoe's x coordinate (dim 0) is greater than 0, use right arm to grasp the shoe,                         else use the left arm grasp the shoe.\nFailed to generate code, error message: Traceback (most recent call last):\n  File \"/home/wab/project/RoboTwin/code_gen/test_gen_code.py\", line 250, in run\n    TASK_ENV.play_once()\n  File \"/home/wab/project/RoboTwin/envs_gen/gpt_place_shoe.py\", line 22, in play_once\nAttributeError: type object 'object' has no attribute 'get_pose'\n, error count: 10\nThe error may be caused by: \n1. pre_dis_axis is not set correctly in the place_actor function; \n2. the functional point is not set correctly in the place_actor function; \n3. The pre_dis or dis is not set correctly in the place_actor function;\n4. The constrain is not set correctly in the place_actor function, free or align is not constantly fixed, if the code did not have above error, please try to set the constrain to another value.\n5. The code didn't take into account the note given in the example function.\nThe task can be accomplished only through the existing API and example function, please do not use any other API that is not listed in the available API list and examples.\n",
  "best_success_rate": 0,
  "success_rates": [
    0.0,
    0.0,
    0.0,
    0.0,
    0.0,
    0.0,
    0.0,
    0.0,
    0.0,
    0.0
  ],
  "best_code": null,
  "best_run_records": null,
  "all_attempts": [
    {
      "attempt_id": 1,
      "success_rate": 0.0,
      "error_message": "Traceback (most recent call last):\n  File \"/home/wab/project/RoboTwin/code_gen/test_gen_code.py\", line 250, in run\n    TASK_ENV.play_once()\n  File \"/home/wab/project/RoboTwin/envs_gen/gpt_place_shoe.py\", line 22, in play_once\n    object_pose = object.get_pose().p\nAttributeError: type object 'object' has no attribute 'get_pose'\n",
      "error_count": 10,
      "code": "\nfrom envs._base_task import Base_Task\nfrom envs.place_shoe import place_shoe\nfrom envs.utils import *\nimport sapien\n\nclass gpt_place_shoe(place_shoe):\n    def play_once(self):\n        PLACEHOLDER= 'self.shoe'\n        pre_grasp_dis= 0.1\n        grasp_dis= 0\n        contract_point_id_grasp= [0, 1]\n        move_by_displacement_z= 0.1\n        target= 'self.target_block'\n        target_func_point_id= 1\n        functional_point_id= 0\n        place_pre_dis= 0.1\n        place_dis= 0.02\n\n        # don't change any code below this line,only need to change PLACEHOLDERS above\n                        \n        object_pose = object.get_pose().p\n        target_pose = target.get_functional_point(target_func_point_id)\n        # Select arm based on object's x position (right if positive, left if negative)\n        self.arm_tag = ArmTag(\"right\" if object_pose[0] > 0 else \"left\")\n\n        # Grasp the object using selected arm with specific contact point\n        self.move(\n            self.grasp_actor(\n                object,\n                arm_tag=self.arm_tag,\n                contact_point_id=contract_point_id_grasp,\n                pre_grasp_dis=pre_grasp_dis,\n                grasp_dis=grasp_dis,\n            ))\n        # Lift the object up along z-axis\n        self.move(self.move_by_displacement(self.arm_tag, z=move_by_displacement_z, move_axis=\"arm\"))\n\n        # Place the object onto the functional point\n        self.move(\n            self.place_actor(\n                object,\n                arm_tag=self.arm_tag,\n                target_pose=target_pose,\n                pre_dis=place_pre_dis,\n                dis=place_dis,\n                functional_point_id=functional_point_id,\n            ))\n        # Move the arm up by 0.1m after placing\n        self.move(self.move_by_displacement(self.arm_tag, z=0.1, move_axis=\"arm\"))\n",
      "run_records": [
        "Error: type object 'object' has no attribute 'get_pose'",
        "Error: type object 'object' has no attribute 'get_pose'",
        "Error: type object 'object' has no attribute 'get_pose'",
        "Error: type object 'object' has no attribute 'get_pose'",
        "Error: type object 'object' has no attribute 'get_pose'",
        "Error: type object 'object' has no attribute 'get_pose'",
        "Error: type object 'object' has no attribute 'get_pose'",
        "Error: type object 'object' has no attribute 'get_pose'",
        "Error: type object 'object' has no attribute 'get_pose'",
        "Error: type object 'object' has no attribute 'get_pose'"
      ]
    },
    {
      "attempt_id": 2,
      "success_rate": 0.0,
      "error_message": "Traceback (most recent call last):\n  File \"/home/wab/project/RoboTwin/code_gen/test_gen_code.py\", line 250, in run\n    TASK_ENV.play_once()\n  File \"/home/wab/project/RoboTwin/envs_gen/gpt_place_shoe.py\", line 22, in play_once\n    # don't change any code below this line,only need to change PLACEHOLDER above\nAttributeError: type object 'object' has no attribute 'get_pose'\n",
      "error_count": 10,
      "code": "\nfrom envs._base_task import Base_Task\nfrom envs.place_shoe import place_shoe\nfrom envs.utils import *\nimport sapien\n\nclass gpt_place_shoe(place_shoe):\n    def play_once(self):\n        PLACEHOLDER= None\n        # Corrected all PLACEHOLDER parameters according to error context\n        object= self.shoe\n        pre_grasp_dis= 0.1\n        grasp_dis= 0\n        contract_point_id_grasp= [0, 1]\n        move_by_displacement_z= 0.1\n        target= self.target_block\n        target_func_point_id= 1\n        functional_point_id= 0\n        place_pre_dis= 0.1\n        place_dis= 0.02\n\n        # don't change any code below this line,only need to change PLACEHOLDER above\n        \n        object_pose = object.get_pose().p\n        target_pose = target.get_functional_point(target_func_point_id)\n        # Select arm based on object's x position (right if positive, left if negative)\n        self.arm_tag = ArmTag(\"right\" if object_pose[0] > 0 else \"left\")\n\n        # Grasp the object using selected arm with specific contact points\n        self.move(\n            self.grasp_actor(\n                object,\n                arm_tag=self.arm_tag,\n                contact_point_id=contract_point_id_grasp,\n                pre_grasp_dis=pre_grasp_dis,\n                grasp_dis=grasp_dis,\n            ))\n        # Lift the object up along z-axis\n        self.move(self.move_by_displacement(self.arm_tag, z=move_by_displacement_z, move_axis=\"arm\"))\n\n        # Place the object onto the functional point with alignment constraint\n        self.move(\n            self.place_actor(\n                object,\n                arm_tag=self.arm_tag,\n                target_pose=target_pose,\n                pre_dis=place_pre_dis,\n                dis=place_dis,\n                functional_point_id=functional_point_id,\n                constrain='align',  # Added constrain parameter for proper alignment\n                pre_dis_axis='fp'\n            ))\n        # Move the arm up by 0.1m after placing\n        self.move(self.move_by_displacement(self.arm_tag, z=0.1, move_axis=\"arm\"))\n",
      "run_records": [
        "Error: type object 'object' has no attribute 'get_pose'",
        "Error: type object 'object' has no attribute 'get_pose'",
        "Error: type object 'object' has no attribute 'get_pose'",
        "Error: type object 'object' has no attribute 'get_pose'",
        "Error: type object 'object' has no attribute 'get_pose'",
        "Error: type object 'object' has no attribute 'get_pose'",
        "Error: type object 'object' has no attribute 'get_pose'",
        "Error: type object 'object' has no attribute 'get_pose'",
        "Error: type object 'object' has no attribute 'get_pose'",
        "Error: type object 'object' has no attribute 'get_pose'"
      ]
    },
    {
      "attempt_id": 3,
      "success_rate": 0.0,
      "error_message": "Traceback (most recent call last):\n  File \"/home/wab/project/RoboTwin/code_gen/test_gen_code.py\", line 250, in run\n    TASK_ENV.play_once()\n  File \"/home/wab/project/RoboTwin/envs_gen/gpt_place_shoe.py\", line 22, in play_once\nAttributeError: type object 'object' has no attribute 'get_pose'\n",
      "error_count": 10,
      "code": "\nfrom envs._base_task import Base_Task\nfrom envs.place_shoe import place_shoe\nfrom envs.utils import *\nimport sapien\n\nclass gpt_place_shoe(place_shoe):\n    def play_once(self):\n        PLACEHOLDER= 'self.shoe'\n        object=PLACEHOLDER\n        pre_grasp_dis= 0.1\n        grasp_dis= 0\n        contract_point_id_grasp= [0, 1]\n        move_by_displacement_z= 0.07\n        target= 'self.target_block'\n        target_func_point_id= 0\n        functional_point_id= 0\n        place_pre_dis= 0.1\n        place_dis= 0.02\n\n        # don't change any code below this line,only need to change PLACEHOLDER above\n                        \n        object_pose = self.shoe.get_pose().p\n        target_pose = self.target_block.get_functional_point(target_func_point_id)\n        # Select arm based on object's x position (right if positive, left if negative)\n        self.arm_tag = ArmTag(\"right\" if object_pose[0] > 0 else \"left\")\n\n        # Grasp the object using selected arm with specific contact point\n        self.move(\n            self.grasp_actor(\n                self.shoe,\n                arm_tag=self.arm_tag,\n                contact_point_id=contract_point_id_grasp,\n                pre_grasp_dis=pre_grasp_dis,\n                grasp_dis=grasp_dis,\n            ))\n        # Lift the object up along z-axis\n        self.move(self.move_by_displacement(self.arm_tag, z=move_by_displacement_z, move_axis=\"arm\"))\n\n        # Place the object onto the functional point\n        self.move(\n            self.place_actor(\n                self.shoe,\n                target_pose=target_pose,\n                arm_tag=self.arm_tag,\n                pre_dis=place_pre_dis,\n                dis=place_dis,\n                functional_point_id=functional_point_id,\n                constrain='align',  # Force full alignment with target\n                pre_dis_axis='fp',  # Use functional point direction for pre-displacement\n            ))\n        # Move the arm up by 0.1m after placing\n        self.move(self.move_by_displacement(self.arm_tag, z=0.1, move_axis=\"arm\"))\n",
      "run_records": [
        "Error: type object 'object' has no attribute 'get_pose'",
        "Error: type object 'object' has no attribute 'get_pose'",
        "Error: type object 'object' has no attribute 'get_pose'",
        "Error: type object 'object' has no attribute 'get_pose'",
        "Error: type object 'object' has no attribute 'get_pose'",
        "Error: type object 'object' has no attribute 'get_pose'",
        "Error: type object 'object' has no attribute 'get_pose'",
        "Error: type object 'object' has no attribute 'get_pose'",
        "Error: type object 'object' has no attribute 'get_pose'",
        "Error: type object 'object' has no attribute 'get_pose'"
      ]
    },
    {
      "attempt_id": 4,
      "success_rate": 0.0,
      "error_message": "Traceback (most recent call last):\n  File \"/home/wab/project/RoboTwin/code_gen/test_gen_code.py\", line 250, in run\n    TASK_ENV.play_once()\n  File \"/home/wab/project/RoboTwin/envs_gen/gpt_place_shoe.py\", line 22, in play_once\nAttributeError: type object 'object' has no attribute 'get_pose'\n",
      "error_count": 10,
      "code": "\nfrom envs._base_task import Base_Task\nfrom envs.place_shoe import place_shoe\nfrom envs.utils import *\nimport sapien\n\nclass gpt_place_shoe(place_shoe):\n    def play_once(self):\n        PLACEHOLDER= None\n        # Corrected references to actual actors from the actor_list\n        object = self.shoe  # Use the actual shoe actor from the environment\n        target = self.target_block  # Use the target block actor from the environment\n        \n        # Set pre-defined distances/parameters with valid defaults\n        pre_grasp_dis = 0.1  # Default pre-grasp distance from API example\n        grasp_dis = 0.0      # Default grasp distance (close gripper immediately)\n        contract_point_id_grasp = [0, 1]  # Use shoe's contact point IDs from actor_list\n        move_by_displacement_z = 0.07     # Vertical lift height in meters\n        target_func_point_id = 1          # Use target_block's top functional point\n        functional_point_id = 0          # Use shoe's functional point 0 for placement\n        place_pre_dis = 0.1               # Pre-place distance before final positioning\n        \n        # Don't change any code below this line,only need to change PLACEHOLDER above\n        \n        # Get shoe's current pose to determine arm selection\n        shoe_pose = object.get_pose().p\n        self.arm_tag = ArmTag(\"right\" if shoe_pose[0] > 0 else \"left\")\n        \n        # Get target pose from block's top functional point\n        target_pose = target.get_functional_point(target_func_point_id)\n        \n        # Grasp the shoe using selected arm\n        self.move(\n            self.grasp_actor(\n                object=object,\n                arm_tag=self.arm_tag,\n                contact_point_id=contract_point_id_grasp,\n                pre_grasp_dis=pre_grasp_dis,\n                grasp_dis=grasp_dis,\n            ))\n        \n        # Lift the shoe after grasping\n        self.move(self.move_by_displacement(self.arm_tag, z=move_by_displacement_z, move_axis=\"arm\"))\n        \n        # Place the shoe on the target block's top\n        self.move(\n            self.place_actor(\n                object=object,\n                arm_tag=self.arm_tag,\n                target_pose=target_pose,\n                pre_dis=place_pre_dis,\n                dis=0.02,  # Small distance to open gripper after placing\n                functional_point_id=functional_point_id,\n                constrain=\"free\",  # Use free alignment as per task requirements\n                pre_dis_axis=\"fp\",  # Use functional point direction for precision\n            ))\n        \n        # Final lift to avoid collision\n        self.move(self.move_by_displacement(self.arm_tag, z=0.1, move_axis=\"arm\"))\n",
      "run_records": [
        "Error: type object 'object' has no attribute 'get_pose'",
        "Error: type object 'object' has no attribute 'get_pose'",
        "Error: type object 'object' has no attribute 'get_pose'",
        "Error: type object 'object' has no attribute 'get_pose'",
        "Error: type object 'object' has no attribute 'get_pose'",
        "Error: type object 'object' has no attribute 'get_pose'",
        "Error: type object 'object' has no attribute 'get_pose'",
        "Error: type object 'object' has no attribute 'get_pose'",
        "Error: type object 'object' has no attribute 'get_pose'",
        "Error: type object 'object' has no attribute 'get_pose'"
      ]
    },
    {
      "attempt_id": 5,
      "success_rate": 0.0,
      "error_message": "Traceback (most recent call last):\n  File \"/home/wab/project/RoboTwin/code_gen/test_gen_code.py\", line 250, in run\n    TASK_ENV.play_once()\n  File \"/home/wab/project/RoboTwin/envs_gen/gpt_place_shoe.py\", line 22, in play_once\nAttributeError: type object 'object' has no attribute 'get_pose'\n",
      "error_count": 10,
      "code": "\nfrom envs._base_task import Base_Task\nfrom envs.place_shoe import place_shoe\nfrom envs.utils import *\nimport sapien\n\nclass gpt_place_shoe(place_shoe):\n    def play_once(self):\n        PLACEHOLDER= None\n        #object to pick and place, need to change PLACEHOLDER to self.shoe\n        object=self.shoe\n        pre_grasp_dis=0.1\n        grasp_dis=0\n        contract_point_id_grasp=[0, 1]\n        move_by_displacement_z=0.07\n        target=self.target_block\n        target_func_point_id=0  # Use functional point 0 on target_block's bottom\n        functional_point_id=0  # Use functional point 0 on shoe's bottom\n        place_pre_dis=0.1\n        place_dis=0.02\n        constrain=\"align\"  # Add alignment constraint for proper orientation\n\n        # don't change any code below this line,only need to change PLACEHOLDER above\n                        \n        object_pose = object.get_pose().p\n        target_pose = target.get_functional_point(target_func_point_id)\n        # Select arm based on object's x position (right if positive, left if negative)\n        self.arm_tag = ArmTag(\"right\" if object_pose[0] > 0 else \"left\")\n\n        # Grasp the object using selected arm with specific contact points\n        self.move(\n            self.grasp_actor(\n                object,\n                arm_tag=self.arm_tag,\n                contact_point_id=contract_point_id_grasp,\n                pre_grasp_dis=pre_grasp_dis,\n                grasp_dis=grasp_dis,\n            ))\n        # Lift the object up along z-axis\n        self.move(self.move_by_displacement(self.arm_tag, z=move_by_displacement_z, move_axis=\"arm\"))\n\n        # Place the object onto the functional point\n        self.move(\n            self.place_actor(\n                object,\n                target_pose=target_pose,\n                arm_tag=self.arm_tag,\n                pre_dis=place_pre_dis,\n                dis=place_dis,\n                functional_point_id=functional_point_id,\n                constrain=constrain,  # Add alignment constraint\n                pre_dis_axis=\"fp\",\n            ))\n        # Move the arm up by 0.1m after placing\n        self.move(self.move_by_displacement(self.arm_tag, z=0.1, move_axis=\"arm\"))\n",
      "run_records": [
        "Error: type object 'object' has no attribute 'get_pose'",
        "Error: type object 'object' has no attribute 'get_pose'",
        "Error: type object 'object' has no attribute 'get_pose'",
        "Error: type object 'object' has no attribute 'get_pose'",
        "Error: type object 'object' has no attribute 'get_pose'",
        "Error: type object 'object' has no attribute 'get_pose'",
        "Error: type object 'object' has no attribute 'get_pose'",
        "Error: type object 'object' has no attribute 'get_pose'",
        "Error: type object 'object' has no attribute 'get_pose'",
        "Error: type object 'object' has no attribute 'get_pose'"
      ]
    },
    {
      "attempt_id": 6,
      "success_rate": 0.0,
      "error_message": "Traceback (most recent call last):\n  File \"/home/wab/project/RoboTwin/code_gen/test_gen_code.py\", line 250, in run\n    TASK_ENV.play_once()\n  File \"/home/wab/project/RoboTwin/envs_gen/gpt_place_shoe.py\", line 22, in play_once\nAttributeError: type object 'object' has no attribute 'get_pose'\n",
      "error_count": 10,
      "code": "\nfrom envs._base_task import Base_Task\nfrom envs.place_shoe import place_shoe\nfrom envs.utils import *\nimport sapien\n\nclass gpt_place_shoe(place_shoe):\n    def play_once(self):\n        PLACEHOLDER= None\n        object= self.shoe  # Correctly reference the shoe actor\n        target= self.target_block  # Reference the target block\n\n        # Functional point IDs\n        contract_point_id_grasp= [0, 1]  # Shoe's contact points\n        move_by_displacement_z= 0.07  # Lift height\n        target_func_point_id= 0  # Target block's bottom functional point\n        functional_point_id= 0  # Shoe's functional point\n        place_pre_dis= 0.1  # Pre-placement displacement\n        place_dis= 0.02  # Placement displacement\n\n        # don't change any code below this line,only need to change PLACEHOLDER above\n        \n        object_pose = object.get_pose().p  # Now correctly accesses shoe's pose\n        target_pose = target.get_functional_point(target_func_point_id)\n        # Select arm based on shoe's x position\n        self.arm_tag = ArmTag(\"right\" if object_pose[0] > 0 else \"left\")\n\n        # Grasp the shoe using selected arm\n        self.move(\n            self.grasp_actor(\n                object,\n                arm_tag=self.arm_tag,\n                contact_point_id=contract_point_id_grasp,\n                pre_grasp_dis=0.1,\n                grasp_dis=0,\n            ))\n        # Lift the shoe\n        self.move(self.move_by_displacement(self.arm_tag, z=move_by_displacement_z, move_axis=\"arm\"))\n\n        # Place the shoe on the target block\n        self.move(\n            self.place_actor(\n                object,\n                arm_tag=self.arm_tag,\n                target_pose=target_pose,\n                pre_dis=place_pre_dis,\n                dis=place_dis,\n                functional_point_id=functional_point_id,\n                constrain=\"free\",  # Added constrain parameter as per API requirements\n                pre_dis_axis='fp',\n            ))\n        # Clean up arm position\n        self.move(self.move_by_displacement(self.arm_tag, z=0.1, move_axis=\"arm\"))\n",
      "run_records": [
        "Error: type object 'object' has no attribute 'get_pose'",
        "Error: type object 'object' has no attribute 'get_pose'",
        "Error: type object 'object' has no attribute 'get_pose'",
        "Error: type object 'object' has no attribute 'get_pose'",
        "Error: type object 'object' has no attribute 'get_pose'",
        "Error: type object 'object' has no attribute 'get_pose'",
        "Error: type object 'object' has no attribute 'get_pose'",
        "Error: type object 'object' has no attribute 'get_pose'",
        "Error: type object 'object' has no attribute 'get_pose'",
        "Error: type object 'object' has no attribute 'get_pose'"
      ]
    },
    {
      "attempt_id": 7,
      "success_rate": 0.0,
      "error_message": "Traceback (most recent call last):\n  File \"/home/wab/project/RoboTwin/code_gen/test_gen_code.py\", line 250, in run\n    TASK_ENV.play_once()\n  File \"/home/wab/project/RoboTwin/envs_gen/gpt_place_shoe.py\", line 22, in play_once\n    object_pose = object.get_pose().p  # Get shoe's position\nAttributeError: type object 'object' has no attribute 'get_pose'\n",
      "error_count": 10,
      "code": "\nfrom envs._base_task import Base_Task\nfrom envs.place_shoe import place_shoe\nfrom envs.utils import *\nimport sapien\n\nclass gpt_place_shoe(place_shoe):\n    def play_once(self):\n        PLACEHOLDER= None\n        object= self.shoe  # Correctly reference the shoe actor\n        target= self.target_block  # Correctly reference the target block actor\n        pre_grasp_dis= 0.1  # Add pre_grasp_dis value\n        contract_point_id_grasp= [0, 1]  # Shoe's contact points are [0, 1]\n        move_by_displacement_z= 0.07  # Add z displacement value\n        target_func_point_id= 0  # Target block's functional point id 0 (bottom)\n        functional_point_id= 0  # Shoe's functional point id 0 (bottom)\n        place_pre_dis= 0.1  # Add place pre_dis value\n        place_dis= 0.02  # Add place dis value\n\n        # Don't change any code below this line, only need to change PLACEHOLDER above\n        \n        object_pose = object.get_pose().p  # Get shoe's position\n        target_pose = target.get_functional_point(target_func_point_id)  # Get target block's pose\n        \n        # Select arm based on shoe's x position\n        self.arm_tag = ArmTag(\"right\" if object_pose[0] > 0 else \"left\")\n        \n        # Grasp the shoe using selected arm\n        self.move(\n            self.grasp_actor(\n                actor=object,\n                arm_tag=self.arm_tag,\n                contact_point_id=contract_point_id_grasp,\n                pre_grasp_dis=pre_grasp_dis,\n                grasp_dis=grasp_dis=0,\n            )\n        )\n        \n        # Lift the shoe\n        self.move(\n            self.move_by_displacement(\n                arm_tag=self.arm_tag,\n                z=move_by_displacement_z,\n                move_axis=\"arm\"\n            )\n        )\n        \n        # Place the shoe on the target block\n        self.move(\n            self.place_actor(\n                actor=object,\n                arm_tag=self.arm_tag,\n                target_pose=target_pose,\n                functional_point_id=functional_point_id,\n                pre_dis=place_pre_dis,\n                dis=place_dis,\n                constrain=\"align\",  # Ensure proper alignment\n                pre_dis_axis=\"fp\"\n            )\n        )\n        \n        # Move arm up after placing\n        self.move(\n            self.move_by_displacement(\n                arm_tag=self.arm_tag,\n                z=0.1,\n                move_axis=\"world\"\n            )\n        )\n",
      "run_records": [
        "Error: type object 'object' has no attribute 'get_pose'",
        "Error: type object 'object' has no attribute 'get_pose'",
        "Error: type object 'object' has no attribute 'get_pose'",
        "Error: type object 'object' has no attribute 'get_pose'",
        "Error: type object 'object' has no attribute 'get_pose'",
        "Error: type object 'object' has no attribute 'get_pose'",
        "Error: type object 'object' has no attribute 'get_pose'",
        "Error: type object 'object' has no attribute 'get_pose'",
        "Error: type object 'object' has no attribute 'get_pose'",
        "Error: type object 'object' has no attribute 'get_pose'"
      ]
    },
    {
      "attempt_id": 8,
      "success_rate": 0.0,
      "error_message": "Traceback (most recent call last):\n  File \"/home/wab/project/RoboTwin/code_gen/test_gen_code.py\", line 250, in run\n    TASK_ENV.play_once()\n  File \"/home/wab/project/RoboTwin/envs_gen/gpt_place_shoe.py\", line 22, in play_once\n    self.grasp_actor(\nAttributeError: type object 'object' has no attribute 'get_pose'\n",
      "error_count": 10,
      "code": "\nfrom envs._base_task import Base_Task\nfrom envs.place_shoe import place_shoe\nfrom envs.utils import *\nimport sapien\n\nclass gpt_place_shoe(place_shoe):\n    def play_once(self):\n        PLACEHOLDER= self.shoe  # Use the actual shoe actor from actor list\n        PLACEHOLDER= self.target_block  # Use the actual target block actor\n        \n        # Don't change any code below this line, only need to change PLACEHOLDER above\n        \n        object_pose = self.shoe.get_pose().p  # Get shoe's position\n        target_pose = self.target_block.get_functional_point(0)  # Bottom functional point of target block\n        \n        # Select arm based on shoe's x position\n        self.arm_tag = ArmTag(\"right\" if object_pose[0] > 0 else \"left\")\n\n        # Grasp the shoe using selected arm\n        self.move(\n            self.grasp_actor(\n                self.shoe,\n                arm_tag=self.arm_tag,\n                contact_point_id=0,  # Use center contact points\n                pre_grasp_dis=0.1,\n                grasp_dis=0\n            )\n        )\n        \n        # Lift the shoe\n        self.move(self.move_by_displacement(self.arm_tag, z=0.07, move_axis=\"arm\"))\n\n        # Place the shoe on the target block\n        self.move(\n            self.place_actor(\n                self.shoe,\n                arm_tag=self.arm_tag,\n                target_pose=target_pose,\n                pre_dis=0.1,\n                dis=0.02,\n                functional_point_id=0,  # Align shoe's functional point with target\n                pre_dis_axis=\"fp\",  # Use functional point direction for displacement\n                constrain=\"align\"  # Ensure full alignment with target pose\n            )\n        )\n        \n        # Clean up arm position\n        self.move(self.move_by_displacement(self.arm_tag, z=0.1, move_axis=\"arm\"))\n",
      "run_records": [
        "Error: type object 'object' has no attribute 'get_pose'",
        "Error: type object 'object' has no attribute 'get_pose'",
        "Error: type object 'object' has no attribute 'get_pose'",
        "Error: type object 'object' has no attribute 'get_pose'",
        "Error: type object 'object' has no attribute 'get_pose'",
        "Error: type object 'object' has no attribute 'get_pose'",
        "Error: type object 'object' has no attribute 'get_pose'",
        "Error: type object 'object' has no attribute 'get_pose'",
        "Error: type object 'object' has no attribute 'get_pose'",
        "Error: type object 'object' has no attribute 'get_pose'"
      ]
    },
    {
      "attempt_id": 9,
      "success_rate": 0.0,
      "error_message": "Traceback (most recent call last):\n  File \"/home/wab/project/RoboTwin/code_gen/test_gen_code.py\", line 250, in run\n    TASK_ENV.play_once()\n  File \"/home/wab/project/RoboTwin/envs_gen/gpt_place_shoe.py\", line 22, in play_once\n    # don't change any code below this line,only need to change PLACEHOLDER above\nAttributeError: type object 'object' has no attribute 'get_pose'\n",
      "error_count": 10,
      "code": "\nfrom envs._base_task import Base_Task\nfrom envs.place_shoe import place_shoe\nfrom envs.utils import *\nimport sapien\n\nclass gpt_place_shoe(place_shoe):\n    def play_once(self):\n        PLACEHOLDER= None\n        #object to pick and place, you need change PLACEHOLDER to the actual object variable in the task\n        object=self.shoe\n        pre_grasp_dis=0.1\n        grasp_dis=0\n        contract_point_id_grasp=[0,1]\n        move_by_displacement_z=0.07\n        target=self.target_block\n        target_func_point_id=0\n        functional_point_id=0\n        place_pre_dis=0.1\n        place_dis=0.02\n\n        # don't change any code below this line,only need to change PLACEHOLDER above\n                        \n        object_pose = object.get_functional_point(0,'pose').p\n        target_pose = target.get_functional_point(target_func_point_id)\n        # Select arm based on object's x position (right if positive, left if negative)\n        self.arm_tag = ArmTag(\"right\" if object_pose[0] > 0 else \"left\")\n\n        # Grasp the object using selected arm with specific contact points\n        self.move(\n            self.grasp_actor(\n                object,\n                arm_tag=self.arm_tag,\n                contact_point_id=contract_point_id_grasp,\n                pre_grasp_dis=pre_grasp_dis,\n                grasp_dis=grasp_dis,\n            ))\n        # Lift the object up along z-axis\n        self.move(self.move_by_displacement(self.arm_tag, z=move_by_displacement_z, move_axis=\"arm\"))\n\n        # Place the object onto the functional point\n        self.move(\n            self.place_actor(\n                object,\n                arm_tag=self.arm_tag,\n                target_pose=target_pose,\n                pre_dis=place_pre_dis,\n                dis=place_dis,\n                functional_point_id=functional_point_id,\n                constrain='free',\n                pre_dis_axis='fp',\n            ))\n        # Move the arm up by 0.1m after placing\n        self.move(self.move_by_displacement(self.arm_tag, z=0.1, move_axis=\"arm\"))\n",
      "run_records": [
        "Error: type object 'object' has no attribute 'get_pose'",
        "Error: type object 'object' has no attribute 'get_pose'",
        "Error: type object 'object' has no attribute 'get_pose'",
        "Error: type object 'object' has no attribute 'get_pose'",
        "Error: type object 'object' has no attribute 'get_pose'",
        "Error: type object 'object' has no attribute 'get_pose'",
        "Error: type object 'object' has no attribute 'get_pose'",
        "Error: type object 'object' has no attribute 'get_pose'",
        "Error: type object 'object' has no attribute 'get_pose'",
        "Error: type object 'object' has no attribute 'get_pose'"
      ]
    },
    {
      "attempt_id": 10,
      "success_rate": 0.0,
      "error_message": "Traceback (most recent call last):\n  File \"/home/wab/project/RoboTwin/code_gen/test_gen_code.py\", line 250, in run\n    TASK_ENV.play_once()\n  File \"/home/wab/project/RoboTwin/envs_gen/gpt_place_shoe.py\", line 22, in play_once\nAttributeError: type object 'object' has no attribute 'get_pose'\n",
      "error_count": 10,
      "code": "\nfrom envs._base_task import Base_Task\nfrom envs.place_shoe import place_shoe\nfrom envs.utils import *\nimport sapien\n\nclass gpt_place_shoe(place_shoe):\n    def play_once(self):\n        PLACEHOLDER = self.shoe\n        object = PLACEHOLDER\n        pre_grasp_dis = 0.1\n        grasp_dis = 0\n        contract_point_id_grasp = [0, 1]\n        move_by_displacement_z = 0.07\n        target = self.target_block\n        target_func_point_id = 0\n        functional_point_id = 0\n        place_pre_dis = 0.1\n        place_dis = 0.02\n\n        # don't change any code below this line,only need to change PLACEHOLDER above\n        \n        object_pose = object.get_pose().p\n        target_pose = target.get_functional_point(target_func_point_id)\n        self.arm_tag = ArmTag(\"right\" if object_pose[0] > 0 else \"left\")\n\n        self.move(\n            self.grasp_actor(\n                object,\n                arm_tag=self.arm_tag,\n                contact_point_id=contract_point_id_grasp,\n                pre_grasp_dis=pre_grasp_dis,\n                grasp_dis=grasp_dis,\n            )\n        )\n        self.move(self.move_by_displacement(self.arm_tag, z=move_by_displacement_z, move_axis=\"arm\"))\n\n        self.move(\n            self.place_actor(\n                object,\n                arm_tag=self.arm_tag,\n                target_pose=target_pose,\n                pre_dis=place_pre_dis,\n                dis=place_dis,\n                functional_point_id=functional_point_id,\n            )\n        )\n        self.move(self.move_by_displacement(self.arm_tag, z=0.1, move_axis=\"arm\"))\n",
      "run_records": [
        "Error: type object 'object' has no attribute 'get_pose'",
        "Error: type object 'object' has no attribute 'get_pose'",
        "Error: type object 'object' has no attribute 'get_pose'",
        "Error: type object 'object' has no attribute 'get_pose'",
        "Error: type object 'object' has no attribute 'get_pose'",
        "Error: type object 'object' has no attribute 'get_pose'",
        "Error: type object 'object' has no attribute 'get_pose'",
        "Error: type object 'object' has no attribute 'get_pose'",
        "Error: type object 'object' has no attribute 'get_pose'",
        "Error: type object 'object' has no attribute 'get_pose'"
      ]
    }
  ]
}