{
  "task_name": "place_object_scale",
  "task_description": "Use one arm to grab the object and put it on the scale.                        Grasp the object with the selected arm. Place the object on the scale.                        Note: Don't use functional_point_id and pre_dis_axis='fp', because the object can be any object that is specified in the task.\nFailed to generate code, error message: Traceback (most recent call last):\n  File \"/home/wab/project/RoboTwin/code_gen/test_gen_code.py\", line 252, in run\n    if TASK_ENV.plan_success and TASK_ENV.check_success():\n  File \"/home/wab/project/RoboTwin/envs/place_object_scale.py\", line 135, in check_success\n    check_arm = (self.is_left_gripper_open if self.arm_tag == \"left\" else self.is_right_gripper_open)\nAttributeError: 'gpt_place_object_scale' object has no attribute 'arm_tag'\n, error count: 9\nThe error may be caused by: \n1. pre_dis_axis is not set correctly in the place_actor function; \n2. the functional point is not set correctly in the place_actor function; \n3. The pre_dis or dis is not set correctly in the place_actor function;\n4. The constrain is not set correctly in the place_actor function, free or align is not constantly fixed, if the code did not have above error, please try to set the constrain to another value.\n5. The code didn't take into account the note given in the example function.\nThe task can be accomplished only through the existing API and example function, please do not use any other API that is not listed in the available API list and examples.\n",
  "best_success_rate": 0,
  "success_rates": [
    0.0,
    0.0,
    0.0,
    0.0,
    0.0,
    0.0,
    0.0,
    0.0,
    0.0,
    0.0
  ],
  "best_code": null,
  "best_run_records": null,
  "all_attempts": [
    {
      "attempt_id": 1,
      "success_rate": 0.0,
      "error_message": "Traceback (most recent call last):\n  File \"/home/wab/project/RoboTwin/code_gen/test_gen_code.py\", line 252, in run\n    if TASK_ENV.plan_success and TASK_ENV.check_success():\n  File \"/home/wab/project/RoboTwin/envs/place_object_scale.py\", line 135, in check_success\n    check_arm = (self.is_left_gripper_open if self.arm_tag == \"left\" else self.is_right_gripper_open)\nAttributeError: 'gpt_place_object_scale' object has no attribute 'arm_tag'\n",
      "error_count": 9,
      "code": "\nfrom envs._base_task import Base_Task\nfrom envs.place_object_scale import place_object_scale\nfrom envs.utils import *\nimport sapien\n\nclass gpt_place_object_scale(place_object_scale):\n    def play_once(self):\n        # Get the object and scale from actor list\n        object_actor = self.object\n        scale_actor = self.scale\n        \n        # Get object position to select appropriate arm\n        object_pose = object_actor.get_pose()\n        object_position = object_pose.p\n        \n        # Select arm based on object position (left if object is on left side, right otherwise)\n        arm_tag = ArmTag(\"left\" if object_position[0] < 0 else \"right\")\n        \n        # Grasp the object\n        self.move(\n            self.grasp_actor(\n                actor=object_actor,\n                arm_tag=arm_tag,\n                pre_grasp_dis=0.1,\n                grasp_dis=0\n            )\n        )\n        \n        # Lift the object up to avoid collisions\n        self.move(\n            self.move_by_displacement(\n                arm_tag=arm_tag,\n                z=0.07,\n                move_axis='world'\n            )\n        )\n        \n        # Get the functional point from the scale for placement\n        scale_target_pose = scale_actor.get_functional_point(0, \"pose\")\n        \n        # Place the object on the scale\n        self.move(\n            self.place_actor(\n                actor=object_actor,\n                arm_tag=arm_tag,\n                target_pose=scale_target_pose,\n                functional_point_id=None,  # Don't use functional_point_id as specified in task\n                pre_dis=0.1,\n                dis=0.02,\n                is_open=True,\n                constrain=\"free\",\n                pre_dis_axis='grasp'  # Use grasp direction instead of functional point direction\n            )\n        )\n        \n        # Lift the gripper up after placing to avoid collision\n        self.move(\n            self.move_by_displacement(\n                arm_tag=arm_tag,\n                z=0.07,\n                move_axis='world'\n            )\n        )\n        \n        # Return the arm to origin position\n        self.move(self.back_to_origin(arm_tag=arm_tag))\n",
      "run_records": [
        "Error: 'gpt_place_object_scale' object has no attribute 'arm_tag'",
        "Error: 'gpt_place_object_scale' object has no attribute 'arm_tag'",
        "Error: 'gpt_place_object_scale' object has no attribute 'arm_tag'",
        "Error: 'gpt_place_object_scale' object has no attribute 'arm_tag'",
        "Error: 'gpt_place_object_scale' object has no attribute 'arm_tag'",
        "Error: 'gpt_place_object_scale' object has no attribute 'arm_tag'",
        "Error: 'gpt_place_object_scale' object has no attribute 'arm_tag'",
        "Plan execution failed",
        "Error: 'gpt_place_object_scale' object has no attribute 'arm_tag'",
        "Error: 'gpt_place_object_scale' object has no attribute 'arm_tag'"
      ]
    },
    {
      "attempt_id": 2,
      "success_rate": 0.0,
      "error_message": "Traceback (most recent call last):\n  File \"/home/wab/project/RoboTwin/code_gen/test_gen_code.py\", line 252, in run\n    if TASK_ENV.plan_success and TASK_ENV.check_success():\n  File \"/home/wab/project/RoboTwin/envs/place_object_scale.py\", line 135, in check_success\n    check_arm = (self.is_left_gripper_open if self.arm_tag == \"left\" else self.is_right_gripper_open)\nAttributeError: 'gpt_place_object_scale' object has no attribute 'arm_tag'\n",
      "error_count": 9,
      "code": "\nfrom envs._base_task import Base_Task\nfrom envs.place_object_scale import place_object_scale\nfrom envs.utils import *\nimport sapien\n\nclass gpt_place_object_scale(place_object_scale):\n    def play_once(self):\n        # Get the object and scale from actor list\n        object_actor = self.object\n        scale_actor = self.scale\n        \n        # Get object position to select which arm to use\n        object_pose = object_actor.get_pose()\n        object_position = object_pose.p\n        \n        # Select arm based on object position (left if object is on left side, right otherwise)\n        arm_tag = ArmTag(\"left\" if object_position[0] < 0 else \"right\")\n        \n        # Grasp the object\n        self.move(\n            self.grasp_actor(\n                actor=object_actor,\n                arm_tag=arm_tag,\n                pre_grasp_dis=0.1,\n                grasp_dis=0\n            )\n        )\n        \n        # Lift the object up to avoid collision\n        self.move(\n            self.move_by_displacement(\n                arm_tag=arm_tag,\n                z=0.07,\n                move_axis='world'\n            )\n        )\n        \n        # Get the target pose from scale's functional point\n        target_pose = scale_actor.get_functional_point(0, \"pose\")\n        \n        # Place the object on the scale\n        # Note: Don't use functional_point_id and pre_dis_axis='fp' for the object as per task note\n        self.move(\n            self.place_actor(\n                actor=object_actor,\n                arm_tag=arm_tag,\n                target_pose=target_pose,\n                pre_dis=0.1,\n                dis=0.02,\n                is_open=True,\n                constrain=\"free\"  # Use free constraint as recommended for general placement\n            )\n        )\n        \n        # Lift the gripper up after placing to avoid collision\n        self.move(\n            self.move_by_displacement(\n                arm_tag=arm_tag,\n                z=0.07,\n                move_axis='world'\n            )\n        )\n        \n        # Return arm to origin\n        self.move(self.back_to_origin(arm_tag=arm_tag))\n",
      "run_records": [
        "Error: 'gpt_place_object_scale' object has no attribute 'arm_tag'",
        "Error: 'gpt_place_object_scale' object has no attribute 'arm_tag'",
        "Error: 'gpt_place_object_scale' object has no attribute 'arm_tag'",
        "Error: 'gpt_place_object_scale' object has no attribute 'arm_tag'",
        "Error: 'gpt_place_object_scale' object has no attribute 'arm_tag'",
        "Error: 'gpt_place_object_scale' object has no attribute 'arm_tag'",
        "Error: 'gpt_place_object_scale' object has no attribute 'arm_tag'",
        "Plan execution failed",
        "Error: 'gpt_place_object_scale' object has no attribute 'arm_tag'",
        "Error: 'gpt_place_object_scale' object has no attribute 'arm_tag'"
      ]
    },
    {
      "attempt_id": 3,
      "success_rate": 0.0,
      "error_message": "Traceback (most recent call last):\n  File \"/home/wab/project/RoboTwin/code_gen/test_gen_code.py\", line 252, in run\n    if TASK_ENV.plan_success and TASK_ENV.check_success():\n  File \"/home/wab/project/RoboTwin/envs/place_object_scale.py\", line 135, in check_success\n    check_arm = (self.is_left_gripper_open if self.arm_tag == \"left\" else self.is_right_gripper_open)\nAttributeError: 'gpt_place_object_scale' object has no attribute 'arm_tag'\n",
      "error_count": 9,
      "code": "\nfrom envs._base_task import Base_Task\nfrom envs.place_object_scale import place_object_scale\nfrom envs.utils import *\nimport sapien\n\nclass gpt_place_object_scale(place_object_scale):\n    def play_once(self):\n        # Get the object's position to decide which arm to use\n        object_pose = self.object.get_pose()\n        object_position = object_pose.p\n        \n        # Select arm based on object position (left if object is on left side, right otherwise)\n        arm_tag = ArmTag(\"left\" if object_position[0] < 0 else \"right\")\n        \n        # Grasp the object\n        self.move(\n            self.grasp_actor(\n                actor=self.object,\n                arm_tag=arm_tag,\n                pre_grasp_dis=0.1,\n                grasp_dis=0\n            )\n        )\n        \n        # Lift the object up to avoid collision\n        self.move(\n            self.move_by_displacement(\n                arm_tag=arm_tag,\n                z=0.07,\n                move_axis='world'\n            )\n        )\n        \n        # Get the scale's functional point for placement\n        scale_target_pose = self.scale.get_functional_point(0, \"pose\")\n        \n        # Place the object on the scale\n        # Note: Don't use functional_point_id and pre_dis_axis='fp' for the object as per task note\n        self.move(\n            self.place_actor(\n                actor=self.object,\n                arm_tag=arm_tag,\n                target_pose=scale_target_pose,\n                pre_dis=0.1,\n                dis=0.02,\n                is_open=True,\n                constrain=\"free\",  # Use \"free\" as recommended for general placement\n                pre_dis_axis='grasp'  # Use grasp direction instead of functional point direction\n            )\n        )\n        \n        # Lift the gripper up after placing to avoid collision\n        self.move(\n            self.move_by_displacement(\n                arm_tag=arm_tag,\n                z=0.07,\n                move_axis='world'\n            )\n        )\n        \n        # Return the arm to origin\n        self.move(self.back_to_origin(arm_tag=arm_tag))\n",
      "run_records": [
        "Error: 'gpt_place_object_scale' object has no attribute 'arm_tag'",
        "Error: 'gpt_place_object_scale' object has no attribute 'arm_tag'",
        "Error: 'gpt_place_object_scale' object has no attribute 'arm_tag'",
        "Error: 'gpt_place_object_scale' object has no attribute 'arm_tag'",
        "Error: 'gpt_place_object_scale' object has no attribute 'arm_tag'",
        "Error: 'gpt_place_object_scale' object has no attribute 'arm_tag'",
        "Error: 'gpt_place_object_scale' object has no attribute 'arm_tag'",
        "Plan execution failed",
        "Error: 'gpt_place_object_scale' object has no attribute 'arm_tag'",
        "Error: 'gpt_place_object_scale' object has no attribute 'arm_tag'"
      ]
    },
    {
      "attempt_id": 4,
      "success_rate": 0.0,
      "error_message": "Traceback (most recent call last):\n  File \"/home/wab/project/RoboTwin/code_gen/test_gen_code.py\", line 252, in run\n    if TASK_ENV.plan_success and TASK_ENV.check_success():\n  File \"/home/wab/project/RoboTwin/envs/place_object_scale.py\", line 135, in check_success\n    check_arm = (self.is_left_gripper_open if self.arm_tag == \"left\" else self.is_right_gripper_open)\nAttributeError: 'gpt_place_object_scale' object has no attribute 'arm_tag'\n",
      "error_count": 9,
      "code": "\nfrom envs._base_task import Base_Task\nfrom envs.place_object_scale import place_object_scale\nfrom envs.utils import *\nimport sapien\n\nclass gpt_place_object_scale(place_object_scale):\n    def play_once(self):\n        # Get the object's position to decide which arm to use\n        object_pose = self.object.get_pose()\n        object_position = object_pose.p\n        \n        # Select arm based on object position (left if object is on left side, right otherwise)\n        arm_tag = ArmTag(\"left\" if object_position[0] < 0 else \"right\")\n        \n        # Grasp the object\n        self.move(\n            self.grasp_actor(\n                actor=self.object,\n                arm_tag=arm_tag,\n                pre_grasp_dis=0.1,\n                grasp_dis=0\n            )\n        )\n        \n        # Lift the object up to avoid collisions\n        self.move(\n            self.move_by_displacement(\n                arm_tag=arm_tag,\n                z=0.07,\n                move_axis='world'\n            )\n        )\n        \n        # Get the target pose from the scale's functional point\n        target_pose = self.scale.get_functional_point(0, \"pose\")\n        \n        # Place the object on the scale\n        # Note: Don't use functional_point_id and pre_dis_axis='fp' for the object as per task note\n        self.move(\n            self.place_actor(\n                actor=self.object,\n                arm_tag=arm_tag,\n                target_pose=target_pose,\n                pre_dis=0.1,\n                dis=0.02,\n                is_open=True,\n                constrain=\"free\"\n            )\n        )\n        \n        # Lift the gripper up after placing to avoid collision\n        self.move(\n            self.move_by_displacement(\n                arm_tag=arm_tag,\n                z=0.07,\n                move_axis='world'\n            )\n        )\n        \n        # Return the arm to origin\n        self.move(self.back_to_origin(arm_tag=arm_tag))\n",
      "run_records": [
        "Error: 'gpt_place_object_scale' object has no attribute 'arm_tag'",
        "Error: 'gpt_place_object_scale' object has no attribute 'arm_tag'",
        "Error: 'gpt_place_object_scale' object has no attribute 'arm_tag'",
        "Error: 'gpt_place_object_scale' object has no attribute 'arm_tag'",
        "Error: 'gpt_place_object_scale' object has no attribute 'arm_tag'",
        "Error: 'gpt_place_object_scale' object has no attribute 'arm_tag'",
        "Error: 'gpt_place_object_scale' object has no attribute 'arm_tag'",
        "Plan execution failed",
        "Error: 'gpt_place_object_scale' object has no attribute 'arm_tag'",
        "Error: 'gpt_place_object_scale' object has no attribute 'arm_tag'"
      ]
    },
    {
      "attempt_id": 5,
      "success_rate": 0.0,
      "error_message": "Traceback (most recent call last):\n  File \"/home/wab/project/RoboTwin/code_gen/test_gen_code.py\", line 252, in run\n    if TASK_ENV.plan_success and TASK_ENV.check_success():\n  File \"/home/wab/project/RoboTwin/envs/place_object_scale.py\", line 135, in check_success\n    check_arm = (self.is_left_gripper_open if self.arm_tag == \"left\" else self.is_right_gripper_open)\nAttributeError: 'gpt_place_object_scale' object has no attribute 'arm_tag'\n",
      "error_count": 9,
      "code": "\nfrom envs._base_task import Base_Task\nfrom envs.place_object_scale import place_object_scale\nfrom envs.utils import *\nimport sapien\n\nclass gpt_place_object_scale(place_object_scale):\n    def play_once(self):\n        # Get the object's position to select which arm to use\n        object_pose = self.object.get_pose()\n        object_position = object_pose.p\n        \n        # Select arm based on object's x-position\n        self.arm_tag = ArmTag(\"left\" if object_position[0] < 0 else \"right\")\n        \n        # Grasp the object\n        self.move(\n            self.grasp_actor(\n                actor=self.object,\n                arm_tag=self.arm_tag,\n                pre_grasp_dis=0.1,\n                grasp_dis=0\n            )\n        )\n        \n        # Lift the object up to avoid collision\n        self.move(\n            self.move_by_displacement(\n                arm_tag=self.arm_tag,\n                z=0.07,\n                move_axis='world'\n            )\n        )\n        \n        # Get the target pose from the scale's functional point\n        target_pose = self.scale.get_functional_point(0, \"pose\")\n        \n        # Place the object on the scale\n        # Note: Don't use functional_point_id and pre_dis_axis='fp' as specified in the task\n        self.move(\n            self.place_actor(\n                actor=self.object,\n                arm_tag=self.arm_tag,\n                target_pose=target_pose,\n                pre_dis=0.1,\n                dis=0.02,\n                is_open=True,\n                constrain=\"free\",  # Using \"free\" as recommended for general placement\n                pre_dis_axis='grasp'  # Using 'grasp' instead of 'fp' as specified\n            )\n        )\n        \n        # Lift the gripper up after placing to avoid collision\n        self.move(\n            self.move_by_displacement(\n                arm_tag=self.arm_tag,\n                z=0.07,\n                move_axis='world'\n            )\n        )\n        \n        # Return the arm to origin\n        self.move(self.back_to_origin(arm_tag=self.arm_tag))\n",
      "run_records": [
        "Error: 'gpt_place_object_scale' object has no attribute 'arm_tag'",
        "Error: 'gpt_place_object_scale' object has no attribute 'arm_tag'",
        "Error: 'gpt_place_object_scale' object has no attribute 'arm_tag'",
        "Error: 'gpt_place_object_scale' object has no attribute 'arm_tag'",
        "Error: 'gpt_place_object_scale' object has no attribute 'arm_tag'",
        "Error: 'gpt_place_object_scale' object has no attribute 'arm_tag'",
        "Error: 'gpt_place_object_scale' object has no attribute 'arm_tag'",
        "Plan execution failed",
        "Error: 'gpt_place_object_scale' object has no attribute 'arm_tag'",
        "Error: 'gpt_place_object_scale' object has no attribute 'arm_tag'"
      ]
    },
    {
      "attempt_id": 6,
      "success_rate": 0.0,
      "error_message": "Traceback (most recent call last):\n  File \"/home/wab/project/RoboTwin/code_gen/test_gen_code.py\", line 252, in run\n    if TASK_ENV.plan_success and TASK_ENV.check_success():\n  File \"/home/wab/project/RoboTwin/envs/place_object_scale.py\", line 135, in check_success\n    check_arm = (self.is_left_gripper_open if self.arm_tag == \"left\" else self.is_right_gripper_open)\nAttributeError: 'gpt_place_object_scale' object has no attribute 'arm_tag'\n",
      "error_count": 9,
      "code": "\nfrom envs._base_task import Base_Task\nfrom envs.place_object_scale import place_object_scale\nfrom envs.utils import *\nimport sapien\n\nclass gpt_place_object_scale(place_object_scale):\n    def play_once(self):\n        # Get the object's position to decide which arm to use\n        object_pose = self.object.get_pose()\n        object_position = object_pose.p\n        \n        # Select arm based on object position (left if object is on left side, right otherwise)\n        arm_tag = ArmTag(\"left\" if object_position[0] < 0 else \"right\")\n        \n        # Grasp the object\n        self.move(\n            self.grasp_actor(\n                actor=self.object,\n                arm_tag=arm_tag,\n                pre_grasp_dis=0.1,\n                grasp_dis=0\n            )\n        )\n        \n        # Lift the object up to avoid collision\n        self.move(\n            self.move_by_displacement(\n                arm_tag=arm_tag,\n                z=0.07,  # Move 7cm upward\n                move_axis='world'\n            )\n        )\n        \n        # Get the target pose from the scale's functional point\n        target_pose = self.scale.get_functional_point(0, \"pose\")\n        \n        # Place the object on the scale\n        self.move(\n            self.place_actor(\n                actor=self.object,\n                arm_tag=arm_tag,\n                target_pose=target_pose,\n                pre_dis=0.1,\n                dis=0.02,\n                is_open=True,\n                constrain=\"free\",  # Use \"free\" as per the note about not using functional_point_id\n                pre_dis_axis=\"grasp\"  # Use \"grasp\" direction as per the note\n            )\n        )\n        \n        # Lift the gripper up after placing to avoid collision\n        self.move(\n            self.move_by_displacement(\n                arm_tag=arm_tag,\n                z=0.07,  # Move 7cm upward\n                move_axis='world'\n            )\n        )\n        \n        # Return the arm to origin\n        self.move(self.back_to_origin(arm_tag=arm_tag))\n",
      "run_records": [
        "Error: 'gpt_place_object_scale' object has no attribute 'arm_tag'",
        "Error: 'gpt_place_object_scale' object has no attribute 'arm_tag'",
        "Error: 'gpt_place_object_scale' object has no attribute 'arm_tag'",
        "Error: 'gpt_place_object_scale' object has no attribute 'arm_tag'",
        "Error: 'gpt_place_object_scale' object has no attribute 'arm_tag'",
        "Error: 'gpt_place_object_scale' object has no attribute 'arm_tag'",
        "Error: 'gpt_place_object_scale' object has no attribute 'arm_tag'",
        "Plan execution failed",
        "Error: 'gpt_place_object_scale' object has no attribute 'arm_tag'",
        "Error: 'gpt_place_object_scale' object has no attribute 'arm_tag'"
      ]
    },
    {
      "attempt_id": 7,
      "success_rate": 0.0,
      "error_message": "Traceback (most recent call last):\n  File \"/home/wab/project/RoboTwin/code_gen/test_gen_code.py\", line 252, in run\n    if TASK_ENV.plan_success and TASK_ENV.check_success():\n  File \"/home/wab/project/RoboTwin/envs/place_object_scale.py\", line 135, in check_success\n    check_arm = (self.is_left_gripper_open if self.arm_tag == \"left\" else self.is_right_gripper_open)\nAttributeError: 'gpt_place_object_scale' object has no attribute 'arm_tag'\n",
      "error_count": 9,
      "code": "\nfrom envs._base_task import Base_Task\nfrom envs.place_object_scale import place_object_scale\nfrom envs.utils import *\nimport sapien\n\nclass gpt_place_object_scale(place_object_scale):\n    def play_once(self):\n        # Get the object's position to select which arm to use\n        object_pose = self.object.get_pose()\n        object_position = object_pose.p\n        \n        # Select arm based on object's x-position\n        arm_tag = ArmTag(\"left\" if object_position[0] < 0 else \"right\")\n        \n        # Store arm_tag as instance variable to avoid AttributeError\n        self.arm_tag = arm_tag\n        \n        # Grasp the object with the selected arm\n        self.move(\n            self.grasp_actor(\n                actor=self.object,\n                arm_tag=arm_tag,\n                pre_grasp_dis=0.1,\n                grasp_dis=0\n            )\n        )\n        \n        # Lift the object up to avoid collision\n        self.move(\n            self.move_by_displacement(\n                arm_tag=arm_tag,\n                z=0.07,\n                move_axis='world'\n            )\n        )\n        \n        # Get the target pose from the scale's functional point\n        target_pose = self.scale.get_functional_point(0, \"pose\")\n        \n        # Place the object on the scale\n        # Note: Don't use functional_point_id and pre_dis_axis='fp' for the object\n        self.move(\n            self.place_actor(\n                actor=self.object,\n                arm_tag=arm_tag,\n                target_pose=target_pose,\n                pre_dis=0.1,\n                dis=0.02,\n                is_open=True,\n                constrain=\"free\"\n            )\n        )\n        \n        # Lift the gripper up after placing to avoid collision\n        self.move(\n            self.move_by_displacement(\n                arm_tag=arm_tag,\n                z=0.07,\n                move_axis='world'\n            )\n        )\n        \n        # Return the arm to origin\n        self.move(self.back_to_origin(arm_tag=arm_tag))\n",
      "run_records": [
        "Error: 'gpt_place_object_scale' object has no attribute 'arm_tag'",
        "Error: 'gpt_place_object_scale' object has no attribute 'arm_tag'",
        "Error: 'gpt_place_object_scale' object has no attribute 'arm_tag'",
        "Error: 'gpt_place_object_scale' object has no attribute 'arm_tag'",
        "Error: 'gpt_place_object_scale' object has no attribute 'arm_tag'",
        "Error: 'gpt_place_object_scale' object has no attribute 'arm_tag'",
        "Error: 'gpt_place_object_scale' object has no attribute 'arm_tag'",
        "Plan execution failed",
        "Error: 'gpt_place_object_scale' object has no attribute 'arm_tag'",
        "Error: 'gpt_place_object_scale' object has no attribute 'arm_tag'"
      ]
    },
    {
      "attempt_id": 8,
      "success_rate": 0.0,
      "error_message": "Traceback (most recent call last):\n  File \"/home/wab/project/RoboTwin/code_gen/test_gen_code.py\", line 252, in run\n    if TASK_ENV.plan_success and TASK_ENV.check_success():\n  File \"/home/wab/project/RoboTwin/envs/place_object_scale.py\", line 135, in check_success\n    check_arm = (self.is_left_gripper_open if self.arm_tag == \"left\" else self.is_right_gripper_open)\nAttributeError: 'gpt_place_object_scale' object has no attribute 'arm_tag'\n",
      "error_count": 9,
      "code": "\nfrom envs._base_task import Base_Task\nfrom envs.place_object_scale import place_object_scale\nfrom envs.utils import *\nimport sapien\n\nclass gpt_place_object_scale(place_object_scale):\n    def play_once(self):\n        # Get the object's position to select which arm to use\n        object_pose = self.object.get_pose()\n        object_position = object_pose.p\n        \n        # Select arm based on object's x-position\n        arm_tag = ArmTag(\"left\" if object_position[0] < 0 else \"right\")\n        self.arm_tag = arm_tag  # Set the arm_tag attribute that check_success() expects\n        \n        # Get the scale's functional point for placement\n        scale_target_pose = self.scale.get_functional_point(0, \"pose\")\n        \n        # Grasp the object\n        self.move(\n            self.grasp_actor(\n                actor=self.object,\n                arm_tag=arm_tag,\n                pre_grasp_dis=0.1,\n                grasp_dis=0\n            )\n        )\n        \n        # Lift the object up to avoid collisions\n        self.move(\n            self.move_by_displacement(\n                arm_tag=arm_tag,\n                z=0.07,\n                move_axis='world'\n            )\n        )\n        \n        # Place the object on the scale\n        # Note: Don't use functional_point_id and pre_dis_axis='fp' for the object\n        self.move(\n            self.place_actor(\n                actor=self.object,\n                arm_tag=arm_tag,\n                target_pose=scale_target_pose,\n                functional_point_id=None,  # Not using functional point for the object\n                pre_dis=0.1,\n                dis=0.02,\n                is_open=True,\n                constrain=\"free\",  # Use \"free\" as recommended for general placement\n                pre_dis_axis=\"grasp\"  # Use grasp direction instead of functional point direction\n            )\n        )\n        \n        # Lift the gripper up after placing to avoid collision\n        self.move(\n            self.move_by_displacement(\n                arm_tag=arm_tag,\n                z=0.07,\n                move_axis='world'\n            )\n        )\n        \n        # Return arm to origin\n        self.move(self.back_to_origin(arm_tag=arm_tag))\n",
      "run_records": [
        "Error: 'gpt_place_object_scale' object has no attribute 'arm_tag'",
        "Error: 'gpt_place_object_scale' object has no attribute 'arm_tag'",
        "Error: 'gpt_place_object_scale' object has no attribute 'arm_tag'",
        "Error: 'gpt_place_object_scale' object has no attribute 'arm_tag'",
        "Error: 'gpt_place_object_scale' object has no attribute 'arm_tag'",
        "Error: 'gpt_place_object_scale' object has no attribute 'arm_tag'",
        "Error: 'gpt_place_object_scale' object has no attribute 'arm_tag'",
        "Plan execution failed",
        "Error: 'gpt_place_object_scale' object has no attribute 'arm_tag'",
        "Error: 'gpt_place_object_scale' object has no attribute 'arm_tag'"
      ]
    },
    {
      "attempt_id": 9,
      "success_rate": 0.0,
      "error_message": "Traceback (most recent call last):\n  File \"/home/wab/project/RoboTwin/code_gen/test_gen_code.py\", line 252, in run\n    if TASK_ENV.plan_success and TASK_ENV.check_success():\n  File \"/home/wab/project/RoboTwin/envs/place_object_scale.py\", line 135, in check_success\n    check_arm = (self.is_left_gripper_open if self.arm_tag == \"left\" else self.is_right_gripper_open)\nAttributeError: 'gpt_place_object_scale' object has no attribute 'arm_tag'\n",
      "error_count": 9,
      "code": "\nfrom envs._base_task import Base_Task\nfrom envs.place_object_scale import place_object_scale\nfrom envs.utils import *\nimport sapien\n\nclass gpt_place_object_scale(place_object_scale):\n    def play_once(self):\n        # Get the object's position to select which arm to use\n        object_pose = self.object.get_pose()\n        object_position = object_pose.p\n        \n        # Select arm based on object's x-position\n        self.arm_tag = ArmTag(\"left\" if object_position[0] < 0 else \"right\")\n        \n        # Get the scale's functional point for placement\n        scale_target_pose = self.scale.get_functional_point(0, \"pose\")\n        \n        # Grasp the object\n        self.move(\n            self.grasp_actor(\n                actor=self.object,\n                arm_tag=self.arm_tag,\n                pre_grasp_dis=0.1,\n                grasp_dis=0\n            )\n        )\n        \n        # Lift the object to avoid collisions\n        self.move(\n            self.move_by_displacement(\n                arm_tag=self.arm_tag,\n                z=0.07,\n                move_axis='world'\n            )\n        )\n        \n        # Place the object on the scale\n        # Note: Not using functional_point_id and pre_dis_axis='fp' for the object as specified\n        self.move(\n            self.place_actor(\n                actor=self.object,\n                arm_tag=self.arm_tag,\n                target_pose=scale_target_pose,\n                functional_point_id=None,  # Not using functional point for object\n                pre_dis=0.1,\n                dis=0.02,\n                is_open=True,\n                constrain=\"free\",  # Using free constraint as recommended\n                pre_dis_axis='grasp'  # Using grasp direction instead of functional point\n            )\n        )\n        \n        # Lift the gripper after placing to avoid collision\n        self.move(\n            self.move_by_displacement(\n                arm_tag=self.arm_tag,\n                z=0.07,\n                move_axis='world'\n            )\n        )\n        \n        # Return arm to origin\n        self.move(self.back_to_origin(arm_tag=self.arm_tag))\n",
      "run_records": [
        "Error: 'gpt_place_object_scale' object has no attribute 'arm_tag'",
        "Error: 'gpt_place_object_scale' object has no attribute 'arm_tag'",
        "Error: 'gpt_place_object_scale' object has no attribute 'arm_tag'",
        "Error: 'gpt_place_object_scale' object has no attribute 'arm_tag'",
        "Error: 'gpt_place_object_scale' object has no attribute 'arm_tag'",
        "Error: 'gpt_place_object_scale' object has no attribute 'arm_tag'",
        "Error: 'gpt_place_object_scale' object has no attribute 'arm_tag'",
        "Plan execution failed",
        "Error: 'gpt_place_object_scale' object has no attribute 'arm_tag'",
        "Error: 'gpt_place_object_scale' object has no attribute 'arm_tag'"
      ]
    },
    {
      "attempt_id": 10,
      "success_rate": 0.0,
      "error_message": "Traceback (most recent call last):\n  File \"/home/wab/project/RoboTwin/code_gen/test_gen_code.py\", line 252, in run\n    if TASK_ENV.plan_success and TASK_ENV.check_success():\n  File \"/home/wab/project/RoboTwin/envs/place_object_scale.py\", line 135, in check_success\n    check_arm = (self.is_left_gripper_open if self.arm_tag == \"left\" else self.is_right_gripper_open)\nAttributeError: 'gpt_place_object_scale' object has no attribute 'arm_tag'\n",
      "error_count": 9,
      "code": "\nfrom envs._base_task import Base_Task\nfrom envs.place_object_scale import place_object_scale\nfrom envs.utils import *\nimport sapien\n\nclass gpt_place_object_scale(place_object_scale):\n    def play_once(self):\n        # Get the object's position to select which arm to use\n        object_pose = self.object.get_pose()\n        object_position = object_pose.p  # [x, y, z]\n        \n        # Select arm based on object position (left if object is on left side, right otherwise)\n        self.arm_tag = ArmTag(\"left\" if object_position[0] < 0 else \"right\")\n        \n        # Get the target pose from the scale's functional point\n        target_pose = self.scale.get_functional_point(0, \"pose\")\n        \n        # Grasp the object with the selected arm\n        self.move(\n            self.grasp_actor(\n                actor=self.object,\n                arm_tag=self.arm_tag,\n                pre_grasp_dis=0.1,\n                grasp_dis=0\n            )\n        )\n        \n        # Lift the object up to avoid collision\n        self.move(\n            self.move_by_displacement(\n                arm_tag=self.arm_tag,\n                z=0.07,  # Move 7cm upward\n                move_axis='world'\n            )\n        )\n        \n        # Place the object on the scale\n        # Note: Don't use functional_point_id and pre_dis_axis='fp' as per task description\n        self.move(\n            self.place_actor(\n                actor=self.object,\n                arm_tag=self.arm_tag,\n                target_pose=target_pose,\n                pre_dis=0.1,\n                dis=0.02,\n                is_open=True,\n                constrain=\"free\"  # Use \"free\" as per the example recommendation\n            )\n        )\n        \n        # Lift the gripper up after placing to avoid collision\n        self.move(\n            self.move_by_displacement(\n                arm_tag=self.arm_tag,\n                z=0.07,  # Move 7cm upward\n                move_axis='world'\n            )\n        )\n        \n        # Return the arm to origin\n        self.move(self.back_to_origin(arm_tag=self.arm_tag))\n",
      "run_records": [
        "Error: 'gpt_place_object_scale' object has no attribute 'arm_tag'",
        "Error: 'gpt_place_object_scale' object has no attribute 'arm_tag'",
        "Error: 'gpt_place_object_scale' object has no attribute 'arm_tag'",
        "Error: 'gpt_place_object_scale' object has no attribute 'arm_tag'",
        "Error: 'gpt_place_object_scale' object has no attribute 'arm_tag'",
        "Error: 'gpt_place_object_scale' object has no attribute 'arm_tag'",
        "Error: 'gpt_place_object_scale' object has no attribute 'arm_tag'",
        "Plan execution failed",
        "Error: 'gpt_place_object_scale' object has no attribute 'arm_tag'",
        "Error: 'gpt_place_object_scale' object has no attribute 'arm_tag'"
      ]
    }
  ]
}